<?xml version="1.0" encoding="UTF-8"?>
<testsuite name="knockknock.KnockKnockControllerTest" tests="1" skipped="0" failures="0" errors="0" timestamp="2017-09-20T05:01:23" hostname="luri-MOBL2" time="0.181">
  <properties/>
  <testcase name="getHello" classname="knockknock.KnockKnockControllerTest" time="0.181"/>
  <system-out><![CDATA[2017-09-20 08:01:11.899  INFO 26476 --- [    Test worker] .b.t.c.SpringBootTestContextBootstrapper : Neither @ContextConfiguration nor @ContextHierarchy found for test class [knockknock.KnockKnockControllerTest], using SpringBootContextLoader
2017-09-20 08:01:11.902  INFO 26476 --- [    Test worker] o.s.t.c.support.AbstractContextLoader    : Could not detect default resource locations for test class [knockknock.KnockKnockControllerTest]: no resource found for suffixes {-context.xml, Context.groovy}.
2017-09-20 08:01:11.903  INFO 26476 --- [    Test worker] t.c.s.AnnotationConfigContextLoaderUtils : Could not detect default configuration classes for test class [knockknock.KnockKnockControllerTest]: KnockKnockControllerTest does not declare any static, non-private, non-final, nested classes annotated with @Configuration.
2017-09-20 08:01:11.931  INFO 26476 --- [    Test worker] .b.t.c.SpringBootTestContextBootstrapper : Found @SpringBootConfiguration knockknock.Application for test class knockknock.KnockKnockControllerTest
2017-09-20 08:01:11.953  INFO 26476 --- [    Test worker] .b.t.c.SpringBootTestContextBootstrapper : Loaded default TestExecutionListener class names from location [META-INF/spring.factories]: [org.springframework.boot.test.mock.mockito.MockitoTestExecutionListener, org.springframework.boot.test.mock.mockito.ResetMocksTestExecutionListener, org.springframework.boot.test.autoconfigure.restdocs.RestDocsTestExecutionListener, org.springframework.boot.test.autoconfigure.web.client.MockRestServiceServerResetTestExecutionListener, org.springframework.boot.test.autoconfigure.web.servlet.MockMvcPrintOnlyOnFailureTestExecutionListener, org.springframework.boot.test.autoconfigure.web.servlet.WebDriverTestExecutionListener, org.springframework.test.context.web.ServletTestExecutionListener, org.springframework.test.context.support.DirtiesContextBeforeModesTestExecutionListener, org.springframework.test.context.support.DependencyInjectionTestExecutionListener, org.springframework.test.context.support.DirtiesContextTestExecutionListener, org.springframework.test.context.transaction.TransactionalTestExecutionListener, org.springframework.test.context.jdbc.SqlScriptsTestExecutionListener]
2017-09-20 08:01:11.966  INFO 26476 --- [    Test worker] .b.t.c.SpringBootTestContextBootstrapper : Could not instantiate TestExecutionListener [org.springframework.test.context.jdbc.SqlScriptsTestExecutionListener]. Specify custom listener classes or make the default listener classes (and their required dependencies) available. Offending class: [org/springframework/transaction/interceptor/TransactionAttribute]
2017-09-20 08:01:11.967  INFO 26476 --- [    Test worker] .b.t.c.SpringBootTestContextBootstrapper : Could not instantiate TestExecutionListener [org.springframework.test.context.transaction.TransactionalTestExecutionListener]. Specify custom listener classes or make the default listener classes (and their required dependencies) available. Offending class: [org/springframework/transaction/interceptor/TransactionAttributeSource]
2017-09-20 08:01:11.968  INFO 26476 --- [    Test worker] .b.t.c.SpringBootTestContextBootstrapper : Using TestExecutionListeners: [org.springframework.test.context.web.ServletTestExecutionListener@6383c253, org.springframework.test.context.support.DirtiesContextBeforeModesTestExecutionListener@516193a2, org.springframework.boot.test.autoconfigure.SpringBootDependencyInjectionTestExecutionListener@2e91ce82, org.springframework.test.context.support.DirtiesContextTestExecutionListener@86e2eed, org.springframework.boot.test.autoconfigure.web.servlet.WebDriverTestExecutionListener@7582e4e9, org.springframework.boot.test.mock.mockito.ResetMocksTestExecutionListener@28239578, org.springframework.boot.test.autoconfigure.restdocs.RestDocsTestExecutionListener@8e6ab20, org.springframework.boot.test.autoconfigure.web.client.MockRestServiceServerResetTestExecutionListener@7186f597, org.springframework.boot.test.autoconfigure.web.servlet.MockMvcPrintOnlyOnFailureTestExecutionListener@1341f2e2, org.springframework.boot.test.mock.mockito.MockitoTestExecutionListener@27fd2da7]

  .   ____          _            __ _ _
 /\\ / ___'_ __ _ _(_)_ __  __ _ \ \ \ \
( ( )\___ | '_ | '_| | '_ \/ _` | \ \ \ \
 \\/  ___)| |_)| | | | | || (_| |  ) ) ) )
  '  |____| .__|_| |_|_| |_\__, | / / / /
 =========|_|==============|___/=/_/_/_/
 :: Spring Boot ::        (v1.5.7.RELEASE)

2017-09-20 08:01:12.309  INFO 26476 --- [    Test worker] knockknock.KnockKnockControllerTest      : Starting KnockKnockControllerTest on luri-MOBL2 with PID 26476 (started by luri in C:\Users\luri\Documents\Personal\dev\spring\knockknock)
2017-09-20 08:01:12.309  INFO 26476 --- [    Test worker] knockknock.KnockKnockControllerTest      : No active profile set, falling back to default profiles: default
2017-09-20 08:01:12.313  INFO 26476 --- [    Test worker] o.s.w.c.s.GenericWebApplicationContext   : Refreshing org.springframework.web.context.support.GenericWebApplicationContext@11053b50: startup date [Wed Sep 20 08:01:12 IDT 2017]; root of context hierarchy
2017-09-20 08:01:15.798  INFO 26476 --- [    Test worker] o.s.b.f.s.DefaultListableBeanFactory     : Overriding bean definition for bean 'managementServletContext' with a different definition: replacing [Root bean: class [null]; scope=; abstract=false; lazyInit=false; autowireMode=3; dependencyCheck=0; autowireCandidate=true; primary=false; factoryBeanName=org.springframework.boot.actuate.autoconfigure.EndpointWebMvcHypermediaManagementContextConfiguration; factoryMethodName=managementServletContext; initMethodName=null; destroyMethodName=(inferred); defined in class path resource [org/springframework/boot/actuate/autoconfigure/EndpointWebMvcHypermediaManagementContextConfiguration.class]] with [Root bean: class [null]; scope=; abstract=false; lazyInit=false; autowireMode=3; dependencyCheck=0; autowireCandidate=true; primary=false; factoryBeanName=org.springframework.boot.actuate.autoconfigure.EndpointWebMvcAutoConfiguration; factoryMethodName=managementServletContext; initMethodName=null; destroyMethodName=(inferred); defined in class path resource [org/springframework/boot/actuate/autoconfigure/EndpointWebMvcAutoConfiguration.class]]
2017-09-20 08:01:17.326  INFO 26476 --- [    Test worker] s.w.s.m.m.a.RequestMappingHandlerMapping : Mapped "{[/]}" onto public java.lang.String knockknock.KnockKnockController.index()
2017-09-20 08:01:17.327  INFO 26476 --- [    Test worker] s.w.s.m.m.a.RequestMappingHandlerMapping : Mapped "{[/api/get1/node/{node}],methods=[GET],produces=[application/json;charset=UTF-8]}" onto java.lang.String knockknock.KnockKnockController.get1(java.lang.String)
2017-09-20 08:01:17.328  INFO 26476 --- [    Test worker] s.w.s.m.m.a.RequestMappingHandlerMapping : Mapped "{[/v2/api-docs],methods=[GET]}" onto public org.springframework.http.ResponseEntity<springfox.documentation.spring.web.json.Json> springfox.documentation.swagger2.web.Swagger2Controller.getDocumentation(java.lang.String)
2017-09-20 08:01:17.333  INFO 26476 --- [    Test worker] s.w.s.m.m.a.RequestMappingHandlerMapping : Mapped "{[/swagger-resources]}" onto org.springframework.http.ResponseEntity<java.util.List<springfox.documentation.swagger.web.SwaggerResource>> springfox.documentation.swagger.web.ApiResourceController.swaggerResources()
2017-09-20 08:01:17.339  INFO 26476 --- [    Test worker] s.w.s.m.m.a.RequestMappingHandlerMapping : Mapped "{[/configuration/ui]}" onto org.springframework.http.ResponseEntity<springfox.documentation.swagger.web.UiConfiguration> springfox.documentation.swagger.web.ApiResourceController.uiConfiguration()
2017-09-20 08:01:17.340  INFO 26476 --- [    Test worker] s.w.s.m.m.a.RequestMappingHandlerMapping : Mapped "{[/configuration/security]}" onto org.springframework.http.ResponseEntity<springfox.documentation.swagger.web.SecurityConfiguration> springfox.documentation.swagger.web.ApiResourceController.securityConfiguration()
2017-09-20 08:01:17.344  INFO 26476 --- [    Test worker] s.w.s.m.m.a.RequestMappingHandlerMapping : Mapped "{[/error]}" onto public org.springframework.http.ResponseEntity<java.util.Map<java.lang.String, java.lang.Object>> org.springframework.boot.autoconfigure.web.BasicErrorController.error(javax.servlet.http.HttpServletRequest)
2017-09-20 08:01:17.345  INFO 26476 --- [    Test worker] s.w.s.m.m.a.RequestMappingHandlerMapping : Mapped "{[/error],produces=[text/html]}" onto public org.springframework.web.servlet.ModelAndView org.springframework.boot.autoconfigure.web.BasicErrorController.errorHtml(javax.servlet.http.HttpServletRequest,javax.servlet.http.HttpServletResponse)
2017-09-20 08:01:18.192  INFO 26476 --- [    Test worker] o.s.b.a.e.mvc.EndpointHandlerMapping     : Mapped "{[/heapdump || /heapdump.json],methods=[GET],produces=[application/octet-stream]}" onto public void org.springframework.boot.actuate.endpoint.mvc.HeapdumpMvcEndpoint.invoke(boolean,javax.servlet.http.HttpServletRequest,javax.servlet.http.HttpServletResponse) throws java.io.IOException,javax.servlet.ServletException
2017-09-20 08:01:18.194  INFO 26476 --- [    Test worker] o.s.b.a.e.mvc.EndpointHandlerMapping     : Mapped "{[/autoconfig || /autoconfig.json],methods=[GET],produces=[application/vnd.spring-boot.actuator.v1+json || application/json]}" onto public java.lang.Object org.springframework.boot.actuate.endpoint.mvc.EndpointMvcAdapter.invoke()
2017-09-20 08:01:18.195  INFO 26476 --- [    Test worker] o.s.b.a.e.mvc.EndpointHandlerMapping     : Mapped "{[/trace || /trace.json],methods=[GET],produces=[application/vnd.spring-boot.actuator.v1+json || application/json]}" onto public java.lang.Object org.springframework.boot.actuate.endpoint.mvc.EndpointMvcAdapter.invoke()
2017-09-20 08:01:18.197  INFO 26476 --- [    Test worker] o.s.b.a.e.mvc.EndpointHandlerMapping     : Mapped "{[/dump || /dump.json],methods=[GET],produces=[application/vnd.spring-boot.actuator.v1+json || application/json]}" onto public java.lang.Object org.springframework.boot.actuate.endpoint.mvc.EndpointMvcAdapter.invoke()
2017-09-20 08:01:18.199  INFO 26476 --- [    Test worker] o.s.b.a.e.mvc.EndpointHandlerMapping     : Mapped "{[/configprops || /configprops.json],methods=[GET],produces=[application/vnd.spring-boot.actuator.v1+json || application/json]}" onto public java.lang.Object org.springframework.boot.actuate.endpoint.mvc.EndpointMvcAdapter.invoke()
2017-09-20 08:01:18.200  INFO 26476 --- [    Test worker] o.s.b.a.e.mvc.EndpointHandlerMapping     : Mapped "{[/loggers/{name:.*}],methods=[GET],produces=[application/vnd.spring-boot.actuator.v1+json || application/json]}" onto public java.lang.Object org.springframework.boot.actuate.endpoint.mvc.LoggersMvcEndpoint.get(java.lang.String)
2017-09-20 08:01:18.201  INFO 26476 --- [    Test worker] o.s.b.a.e.mvc.EndpointHandlerMapping     : Mapped "{[/loggers/{name:.*}],methods=[POST],consumes=[application/vnd.spring-boot.actuator.v1+json || application/json],produces=[application/vnd.spring-boot.actuator.v1+json || application/json]}" onto public java.lang.Object org.springframework.boot.actuate.endpoint.mvc.LoggersMvcEndpoint.set(java.lang.String,java.util.Map<java.lang.String, java.lang.String>)
2017-09-20 08:01:18.202  INFO 26476 --- [    Test worker] o.s.b.a.e.mvc.EndpointHandlerMapping     : Mapped "{[/loggers || /loggers.json],methods=[GET],produces=[application/vnd.spring-boot.actuator.v1+json || application/json]}" onto public java.lang.Object org.springframework.boot.actuate.endpoint.mvc.EndpointMvcAdapter.invoke()
2017-09-20 08:01:18.203  INFO 26476 --- [    Test worker] o.s.b.a.e.mvc.EndpointHandlerMapping     : Mapped "{[/mappings || /mappings.json],methods=[GET],produces=[application/vnd.spring-boot.actuator.v1+json || application/json]}" onto public java.lang.Object org.springframework.boot.actuate.endpoint.mvc.EndpointMvcAdapter.invoke()
2017-09-20 08:01:18.204  INFO 26476 --- [    Test worker] o.s.b.a.e.mvc.EndpointHandlerMapping     : Mapped "{[/beans || /beans.json],methods=[GET],produces=[application/vnd.spring-boot.actuator.v1+json || application/json]}" onto public java.lang.Object org.springframework.boot.actuate.endpoint.mvc.EndpointMvcAdapter.invoke()
2017-09-20 08:01:18.205  INFO 26476 --- [    Test worker] o.s.b.a.e.mvc.EndpointHandlerMapping     : Mapped "{[/env/{name:.*}],methods=[GET],produces=[application/vnd.spring-boot.actuator.v1+json || application/json]}" onto public java.lang.Object org.springframework.boot.actuate.endpoint.mvc.EnvironmentMvcEndpoint.value(java.lang.String)
2017-09-20 08:01:18.206  INFO 26476 --- [    Test worker] o.s.b.a.e.mvc.EndpointHandlerMapping     : Mapped "{[/env || /env.json],methods=[GET],produces=[application/vnd.spring-boot.actuator.v1+json || application/json]}" onto public java.lang.Object org.springframework.boot.actuate.endpoint.mvc.EndpointMvcAdapter.invoke()
2017-09-20 08:01:18.207  INFO 26476 --- [    Test worker] o.s.b.a.e.mvc.EndpointHandlerMapping     : Mapped "{[/health || /health.json],methods=[GET],produces=[application/vnd.spring-boot.actuator.v1+json || application/json]}" onto public java.lang.Object org.springframework.boot.actuate.endpoint.mvc.HealthMvcEndpoint.invoke(javax.servlet.http.HttpServletRequest,java.security.Principal)
2017-09-20 08:01:18.209  INFO 26476 --- [    Test worker] o.s.b.a.e.mvc.EndpointHandlerMapping     : Mapped "{[/auditevents || /auditevents.json],methods=[GET],produces=[application/vnd.spring-boot.actuator.v1+json || application/json]}" onto public org.springframework.http.ResponseEntity<?> org.springframework.boot.actuate.endpoint.mvc.AuditEventsMvcEndpoint.findByPrincipalAndAfterAndType(java.lang.String,java.util.Date,java.lang.String)
2017-09-20 08:01:18.211  INFO 26476 --- [    Test worker] o.s.b.a.e.mvc.EndpointHandlerMapping     : Mapped "{[/actuator || /actuator.json],methods=[GET],produces=[application/vnd.spring-boot.actuator.v1+json || application/json]}" onto public org.springframework.hateoas.ResourceSupport org.springframework.boot.actuate.endpoint.mvc.HalJsonMvcEndpoint.links()
2017-09-20 08:01:18.212  INFO 26476 --- [    Test worker] o.s.b.a.e.mvc.EndpointHandlerMapping     : Mapped "{[/info || /info.json],methods=[GET],produces=[application/vnd.spring-boot.actuator.v1+json || application/json]}" onto public java.lang.Object org.springframework.boot.actuate.endpoint.mvc.EndpointMvcAdapter.invoke()
2017-09-20 08:01:18.214  INFO 26476 --- [    Test worker] o.s.b.a.e.mvc.EndpointHandlerMapping     : Mapped "{[/metrics/{name:.*}],methods=[GET],produces=[application/vnd.spring-boot.actuator.v1+json || application/json]}" onto public java.lang.Object org.springframework.boot.actuate.endpoint.mvc.MetricsMvcEndpoint.value(java.lang.String)
2017-09-20 08:01:18.214  INFO 26476 --- [    Test worker] o.s.b.a.e.mvc.EndpointHandlerMapping     : Mapped "{[/metrics || /metrics.json],methods=[GET],produces=[application/vnd.spring-boot.actuator.v1+json || application/json]}" onto public java.lang.Object org.springframework.boot.actuate.endpoint.mvc.EndpointMvcAdapter.invoke()
2017-09-20 08:01:19.676  INFO 26476 --- [    Test worker] o.s.b.t.m.w.SpringBootMockServletContext : Initializing Spring FrameworkServlet ''
2017-09-20 08:01:19.679  INFO 26476 --- [    Test worker] o.s.t.web.servlet.TestDispatcherServlet  : FrameworkServlet '': initialization started
2017-09-20 08:01:19.820  INFO 26476 --- [    Test worker] o.s.w.s.handler.SimpleUrlHandlerMapping  : Mapped URL path [/webjars/**] onto handler of type [class org.springframework.web.servlet.resource.ResourceHttpRequestHandler]
2017-09-20 08:01:19.820  INFO 26476 --- [    Test worker] o.s.w.s.handler.SimpleUrlHandlerMapping  : Mapped URL path [/**] onto handler of type [class org.springframework.web.servlet.resource.ResourceHttpRequestHandler]
2017-09-20 08:01:19.867  INFO 26476 --- [    Test worker] o.s.w.s.handler.SimpleUrlHandlerMapping  : Mapped URL path [/**/favicon.ico] onto handler of type [class org.springframework.web.servlet.resource.ResourceHttpRequestHandler]
2017-09-20 08:01:21.049  INFO 26476 --- [    Test worker] s.w.s.m.m.a.RequestMappingHandlerAdapter : Looking for @ControllerAdvice: org.springframework.web.context.support.GenericWebApplicationContext@11053b50: startup date [Wed Sep 20 08:01:12 IDT 2017]; root of context hierarchy
2017-09-20 08:01:21.085  INFO 26476 --- [    Test worker] s.w.s.m.m.a.RequestMappingHandlerAdapter : Detected ResponseBodyAdvice bean in org.springframework.boot.actuate.autoconfigure.EndpointWebMvcHypermediaManagementContextConfiguration$ActuatorEndpointLinksAdvice
2017-09-20 08:01:21.105  INFO 26476 --- [    Test worker] .m.m.a.ExceptionHandlerExceptionResolver : Detected ResponseBodyAdvice implementation in org.springframework.boot.actuate.autoconfigure.EndpointWebMvcHypermediaManagementContextConfiguration$ActuatorEndpointLinksAdvice
2017-09-20 08:01:21.286  INFO 26476 --- [    Test worker] o.s.t.web.servlet.TestDispatcherServlet  : FrameworkServlet '': initialization completed in 1607 ms
2017-09-20 08:01:22.529  INFO 26476 --- [    Test worker] d.s.w.p.DocumentationPluginsBootstrapper : Context refreshed
2017-09-20 08:01:22.535  INFO 26476 --- [    Test worker] d.s.w.p.DocumentationPluginsBootstrapper : Found {0} custom documentation plugin(s)
2017-09-20 08:01:22.538  INFO 26476 --- [    Test worker] s.d.s.w.s.ApiListingReferenceScanner     : Scanning for api listing references
2017-09-20 08:01:22.539  INFO 26476 --- [    Test worker] s.w.ClassOrApiAnnotationResourceGrouping : Group for method index was knock-knock-controller
2017-09-20 08:01:22.539  INFO 26476 --- [    Test worker] s.d.s.w.s.ApiListingReferenceScanner     : Request mapping: index belongs to groups: [[ResourceGroup{groupName='knock-knock-controller', position=0, controller=knockknock.KnockKnockController}]] 
2017-09-20 08:01:22.540  INFO 26476 --- [    Test worker] s.w.ClassOrApiAnnotationResourceGrouping : Group for method links was hal-json-mvc-endpoint
2017-09-20 08:01:22.541  INFO 26476 --- [    Test worker] s.d.s.w.s.ApiListingReferenceScanner     : Request mapping: links belongs to groups: [[ResourceGroup{groupName='hal-json-mvc-endpoint', position=0, controller=org.springframework.boot.actuate.endpoint.mvc.HalJsonMvcEndpoint}]] 
2017-09-20 08:01:22.541  INFO 26476 --- [    Test worker] s.w.ClassOrApiAnnotationResourceGrouping : Group for method get1 was knock-knock-controller
2017-09-20 08:01:22.541  INFO 26476 --- [    Test worker] s.d.s.w.s.ApiListingReferenceScanner     : Request mapping: get1 belongs to groups: [[ResourceGroup{groupName='knock-knock-controller', position=0, controller=knockknock.KnockKnockController}]] 
2017-09-20 08:01:22.542  INFO 26476 --- [    Test worker] s.w.ClassOrApiAnnotationResourceGrouping : Group for method findByPrincipalAndAfterAndType was audit-events-mvc-endpoint
2017-09-20 08:01:22.542  INFO 26476 --- [    Test worker] s.d.s.w.s.ApiListingReferenceScanner     : Request mapping: findByPrincipalAndAfterAndType belongs to groups: [[ResourceGroup{groupName='audit-events-mvc-endpoint', position=0, controller=org.springframework.boot.actuate.endpoint.mvc.AuditEventsMvcEndpoint}]] 
2017-09-20 08:01:22.543  INFO 26476 --- [    Test worker] s.w.ClassOrApiAnnotationResourceGrouping : Group for method invoke was endpoint-mvc-adapter
2017-09-20 08:01:22.544  INFO 26476 --- [    Test worker] s.d.s.w.s.ApiListingReferenceScanner     : Request mapping: invoke belongs to groups: [[ResourceGroup{groupName='endpoint-mvc-adapter', position=0, controller=org.springframework.boot.actuate.endpoint.mvc.EndpointMvcAdapter}]] 
2017-09-20 08:01:22.544  INFO 26476 --- [    Test worker] s.w.ClassOrApiAnnotationResourceGrouping : Group for method invoke was endpoint-mvc-adapter
2017-09-20 08:01:22.544  INFO 26476 --- [    Test worker] s.d.s.w.s.ApiListingReferenceScanner     : Request mapping: invoke belongs to groups: [[ResourceGroup{groupName='endpoint-mvc-adapter', position=0, controller=org.springframework.boot.actuate.endpoint.mvc.EndpointMvcAdapter}]] 
2017-09-20 08:01:22.545  INFO 26476 --- [    Test worker] s.w.ClassOrApiAnnotationResourceGrouping : Group for method invoke was endpoint-mvc-adapter
2017-09-20 08:01:22.545  INFO 26476 --- [    Test worker] s.d.s.w.s.ApiListingReferenceScanner     : Request mapping: invoke belongs to groups: [[ResourceGroup{groupName='endpoint-mvc-adapter', position=0, controller=org.springframework.boot.actuate.endpoint.mvc.EndpointMvcAdapter}]] 
2017-09-20 08:01:22.547  INFO 26476 --- [    Test worker] s.w.ClassOrApiAnnotationResourceGrouping : Group for method invoke was endpoint-mvc-adapter
2017-09-20 08:01:22.548  INFO 26476 --- [    Test worker] s.d.s.w.s.ApiListingReferenceScanner     : Request mapping: invoke belongs to groups: [[ResourceGroup{groupName='endpoint-mvc-adapter', position=0, controller=org.springframework.boot.actuate.endpoint.mvc.EndpointMvcAdapter}]] 
2017-09-20 08:01:22.549  INFO 26476 --- [    Test worker] s.w.ClassOrApiAnnotationResourceGrouping : Group for method invoke was environment-mvc-endpoint
2017-09-20 08:01:22.550  INFO 26476 --- [    Test worker] s.d.s.w.s.ApiListingReferenceScanner     : Request mapping: invoke belongs to groups: [[ResourceGroup{groupName='environment-mvc-endpoint', position=0, controller=org.springframework.boot.actuate.endpoint.mvc.EnvironmentMvcEndpoint}]] 
2017-09-20 08:01:22.551  INFO 26476 --- [    Test worker] s.w.ClassOrApiAnnotationResourceGrouping : Group for method value was environment-mvc-endpoint
2017-09-20 08:01:22.552  INFO 26476 --- [    Test worker] s.d.s.w.s.ApiListingReferenceScanner     : Request mapping: value belongs to groups: [[ResourceGroup{groupName='environment-mvc-endpoint', position=0, controller=org.springframework.boot.actuate.endpoint.mvc.EnvironmentMvcEndpoint}]] 
2017-09-20 08:01:22.553  INFO 26476 --- [    Test worker] s.w.ClassOrApiAnnotationResourceGrouping : Group for method error was basic-error-controller
2017-09-20 08:01:22.554  INFO 26476 --- [    Test worker] s.d.s.w.s.ApiListingReferenceScanner     : Request mapping: error belongs to groups: [[ResourceGroup{groupName='basic-error-controller', position=0, controller=org.springframework.boot.autoconfigure.web.BasicErrorController}]] 
2017-09-20 08:01:22.554  INFO 26476 --- [    Test worker] s.w.ClassOrApiAnnotationResourceGrouping : Group for method errorHtml was basic-error-controller
2017-09-20 08:01:22.555  INFO 26476 --- [    Test worker] s.d.s.w.s.ApiListingReferenceScanner     : Request mapping: errorHtml belongs to groups: [[ResourceGroup{groupName='basic-error-controller', position=0, controller=org.springframework.boot.autoconfigure.web.BasicErrorController}]] 
2017-09-20 08:01:22.555  INFO 26476 --- [    Test worker] s.w.ClassOrApiAnnotationResourceGrouping : Group for method invoke was health-mvc-endpoint
2017-09-20 08:01:22.556  INFO 26476 --- [    Test worker] s.d.s.w.s.ApiListingReferenceScanner     : Request mapping: invoke belongs to groups: [[ResourceGroup{groupName='health-mvc-endpoint', position=0, controller=org.springframework.boot.actuate.endpoint.mvc.HealthMvcEndpoint}]] 
2017-09-20 08:01:22.556  INFO 26476 --- [    Test worker] s.w.ClassOrApiAnnotationResourceGrouping : Group for method invoke was heapdump-mvc-endpoint
2017-09-20 08:01:22.556  INFO 26476 --- [    Test worker] s.d.s.w.s.ApiListingReferenceScanner     : Request mapping: invoke belongs to groups: [[ResourceGroup{groupName='heapdump-mvc-endpoint', position=0, controller=org.springframework.boot.actuate.endpoint.mvc.HeapdumpMvcEndpoint}]] 
2017-09-20 08:01:22.557  INFO 26476 --- [    Test worker] s.w.ClassOrApiAnnotationResourceGrouping : Group for method invoke was endpoint-mvc-adapter
2017-09-20 08:01:22.558  INFO 26476 --- [    Test worker] s.d.s.w.s.ApiListingReferenceScanner     : Request mapping: invoke belongs to groups: [[ResourceGroup{groupName='endpoint-mvc-adapter', position=0, controller=org.springframework.boot.actuate.endpoint.mvc.EndpointMvcAdapter}]] 
2017-09-20 08:01:22.561  INFO 26476 --- [    Test worker] s.w.ClassOrApiAnnotationResourceGrouping : Group for method invoke was loggers-mvc-endpoint
2017-09-20 08:01:22.561  INFO 26476 --- [    Test worker] s.d.s.w.s.ApiListingReferenceScanner     : Request mapping: invoke belongs to groups: [[ResourceGroup{groupName='loggers-mvc-endpoint', position=0, controller=org.springframework.boot.actuate.endpoint.mvc.LoggersMvcEndpoint}]] 
2017-09-20 08:01:22.562  INFO 26476 --- [    Test worker] s.w.ClassOrApiAnnotationResourceGrouping : Group for method get was loggers-mvc-endpoint
2017-09-20 08:01:22.563  INFO 26476 --- [    Test worker] s.d.s.w.s.ApiListingReferenceScanner     : Request mapping: get belongs to groups: [[ResourceGroup{groupName='loggers-mvc-endpoint', position=0, controller=org.springframework.boot.actuate.endpoint.mvc.LoggersMvcEndpoint}]] 
2017-09-20 08:01:22.564  INFO 26476 --- [    Test worker] s.w.ClassOrApiAnnotationResourceGrouping : Group for method set was loggers-mvc-endpoint
2017-09-20 08:01:22.564  INFO 26476 --- [    Test worker] s.d.s.w.s.ApiListingReferenceScanner     : Request mapping: set belongs to groups: [[ResourceGroup{groupName='loggers-mvc-endpoint', position=0, controller=org.springframework.boot.actuate.endpoint.mvc.LoggersMvcEndpoint}]] 
2017-09-20 08:01:22.565  INFO 26476 --- [    Test worker] s.w.ClassOrApiAnnotationResourceGrouping : Group for method invoke was endpoint-mvc-adapter
2017-09-20 08:01:22.565  INFO 26476 --- [    Test worker] s.d.s.w.s.ApiListingReferenceScanner     : Request mapping: invoke belongs to groups: [[ResourceGroup{groupName='endpoint-mvc-adapter', position=0, controller=org.springframework.boot.actuate.endpoint.mvc.EndpointMvcAdapter}]] 
2017-09-20 08:01:22.574  INFO 26476 --- [    Test worker] s.w.ClassOrApiAnnotationResourceGrouping : Group for method invoke was metrics-mvc-endpoint
2017-09-20 08:01:22.575  INFO 26476 --- [    Test worker] s.d.s.w.s.ApiListingReferenceScanner     : Request mapping: invoke belongs to groups: [[ResourceGroup{groupName='metrics-mvc-endpoint', position=0, controller=org.springframework.boot.actuate.endpoint.mvc.MetricsMvcEndpoint}]] 
2017-09-20 08:01:22.576  INFO 26476 --- [    Test worker] s.w.ClassOrApiAnnotationResourceGrouping : Group for method value was metrics-mvc-endpoint
2017-09-20 08:01:22.576  INFO 26476 --- [    Test worker] s.d.s.w.s.ApiListingReferenceScanner     : Request mapping: value belongs to groups: [[ResourceGroup{groupName='metrics-mvc-endpoint', position=0, controller=org.springframework.boot.actuate.endpoint.mvc.MetricsMvcEndpoint}]] 
2017-09-20 08:01:22.576  INFO 26476 --- [    Test worker] s.w.ClassOrApiAnnotationResourceGrouping : Group for method invoke was endpoint-mvc-adapter
2017-09-20 08:01:22.577  INFO 26476 --- [    Test worker] s.d.s.w.s.ApiListingReferenceScanner     : Request mapping: invoke belongs to groups: [[ResourceGroup{groupName='endpoint-mvc-adapter', position=0, controller=org.springframework.boot.actuate.endpoint.mvc.EndpointMvcAdapter}]] 
2017-09-20 08:01:22.578  INFO 26476 --- [    Test worker] s.d.s.w.s.ApiListingReferenceScanner     : Created resource listing Path: /default/environment-mvc-endpoint Description: environment-mvc-endpoint Position: 0
2017-09-20 08:01:22.578  INFO 26476 --- [    Test worker] s.d.s.w.s.ApiListingReferenceScanner     : Created resource listing Path: /default/hal-json-mvc-endpoint Description: hal-json-mvc-endpoint Position: 0
2017-09-20 08:01:22.579  INFO 26476 --- [    Test worker] s.d.s.w.s.ApiListingReferenceScanner     : Created resource listing Path: /default/endpoint-mvc-adapter Description: endpoint-mvc-adapter Position: 0
2017-09-20 08:01:22.580  INFO 26476 --- [    Test worker] s.d.s.w.s.ApiListingReferenceScanner     : Created resource listing Path: /default/heapdump-mvc-endpoint Description: heapdump-mvc-endpoint Position: 0
2017-09-20 08:01:22.580  INFO 26476 --- [    Test worker] s.d.s.w.s.ApiListingReferenceScanner     : Created resource listing Path: /default/loggers-mvc-endpoint Description: loggers-mvc-endpoint Position: 0
2017-09-20 08:01:22.581  INFO 26476 --- [    Test worker] s.d.s.w.s.ApiListingReferenceScanner     : Created resource listing Path: /default/metrics-mvc-endpoint Description: metrics-mvc-endpoint Position: 0
2017-09-20 08:01:22.581  INFO 26476 --- [    Test worker] s.d.s.w.s.ApiListingReferenceScanner     : Created resource listing Path: /default/basic-error-controller Description: basic-error-controller Position: 0
2017-09-20 08:01:22.582  INFO 26476 --- [    Test worker] s.d.s.w.s.ApiListingReferenceScanner     : Created resource listing Path: /default/knock-knock-controller Description: knock-knock-controller Position: 0
2017-09-20 08:01:22.582  INFO 26476 --- [    Test worker] s.d.s.w.s.ApiListingReferenceScanner     : Created resource listing Path: /default/audit-events-mvc-endpoint Description: audit-events-mvc-endpoint Position: 0
2017-09-20 08:01:22.582  INFO 26476 --- [    Test worker] s.d.s.w.s.ApiListingReferenceScanner     : Created resource listing Path: /default/health-mvc-endpoint Description: health-mvc-endpoint Position: 0
2017-09-20 08:01:22.588  INFO 26476 --- [    Test worker] s.d.schema.ModelContextKeyGenerator      : Cache Key Generated: java.lang.Object(true)
2017-09-20 08:01:22.589  INFO 26476 --- [    Test worker] s.d.spring.web.caching.CachingAspect     : Caching aspect applied for cache models with key java.lang.Object(true)
2017-09-20 08:01:22.589  INFO 26476 --- [    Test worker] s.d.schema.ModelContextKeyGenerator      : Cache Key Generated: java.lang.Object(true)
2017-09-20 08:01:22.589  INFO 26476 --- [    Test worker] s.d.spring.web.caching.CachingAspect     : Caching aspect applied for cache modelDependencies with key java.lang.Object(true)
2017-09-20 08:01:22.590  INFO 26476 --- [    Test worker] s.d.spring.web.OperationsKeyGenerator    : Cache key generated: /auditevents.org.springframework.boot.actuate.endpoint.mvc.AuditEventsMvcEndpoint.findByPrincipalAndAfterAndType.DefaultGenericTypeNamingStrategy
2017-09-20 08:01:22.590  INFO 26476 --- [    Test worker] s.d.spring.web.caching.CachingAspect     : Caching aspect applied for cache operations with key /auditevents.org.springframework.boot.actuate.endpoint.mvc.AuditEventsMvcEndpoint.findByPrincipalAndAfterAndType.DefaultGenericTypeNamingStrategy
2017-09-20 08:01:22.636  INFO 26476 --- [    Test worker] s.w.ClassOrApiAnnotationResourceGrouping : Group for method findByPrincipalAndAfterAndType was audit-events-mvc-endpoint
2017-09-20 08:01:22.641  INFO 26476 --- [    Test worker] s.w.ClassOrApiAnnotationResourceGrouping : Group for method findByPrincipalAndAfterAndType was audit-events-mvc-endpoint
2017-09-20 08:01:22.645  INFO 26476 --- [    Test worker] s.d.spring.web.OperationsKeyGenerator    : Cache key generated: /auditevents.json.org.springframework.boot.actuate.endpoint.mvc.AuditEventsMvcEndpoint.findByPrincipalAndAfterAndType.DefaultGenericTypeNamingStrategy
2017-09-20 08:01:22.645  INFO 26476 --- [    Test worker] s.d.spring.web.caching.CachingAspect     : Caching aspect applied for cache operations with key /auditevents.json.org.springframework.boot.actuate.endpoint.mvc.AuditEventsMvcEndpoint.findByPrincipalAndAfterAndType.DefaultGenericTypeNamingStrategy
2017-09-20 08:01:22.649  INFO 26476 --- [    Test worker] s.w.ClassOrApiAnnotationResourceGrouping : Group for method findByPrincipalAndAfterAndType was audit-events-mvc-endpoint
2017-09-20 08:01:22.655  INFO 26476 --- [    Test worker] s.w.ClassOrApiAnnotationResourceGrouping : Group for method findByPrincipalAndAfterAndType was audit-events-mvc-endpoint
2017-09-20 08:01:22.657  INFO 26476 --- [    Test worker] .d.s.w.r.o.CachingOperationNameGenerator : Generating unique operation named: findByPrincipalAndAfterAndTypeUsingGET_1
2017-09-20 08:01:22.659  INFO 26476 --- [    Test worker] s.d.schema.ModelContextKeyGenerator      : Cache Key Generated: java.util.Map<java.lang.String,java.lang.Object>(true)
2017-09-20 08:01:22.659  INFO 26476 --- [    Test worker] s.d.spring.web.caching.CachingAspect     : Caching aspect applied for cache models with key java.util.Map<java.lang.String,java.lang.Object>(true)
2017-09-20 08:01:22.659  INFO 26476 --- [    Test worker] s.d.schema.ModelContextKeyGenerator      : Cache Key Generated: java.util.Map<java.lang.String,java.lang.Object>(true)
2017-09-20 08:01:22.659  INFO 26476 --- [    Test worker] s.d.spring.web.caching.CachingAspect     : Caching aspect applied for cache modelDependencies with key java.util.Map<java.lang.String,java.lang.Object>(true)
2017-09-20 08:01:22.660  INFO 26476 --- [    Test worker] s.d.spring.web.OperationsKeyGenerator    : Cache key generated: /error.org.springframework.boot.autoconfigure.web.BasicErrorController.error.DefaultGenericTypeNamingStrategy
2017-09-20 08:01:22.660  INFO 26476 --- [    Test worker] s.d.spring.web.caching.CachingAspect     : Caching aspect applied for cache operations with key /error.org.springframework.boot.autoconfigure.web.BasicErrorController.error.DefaultGenericTypeNamingStrategy
2017-09-20 08:01:22.661  INFO 26476 --- [    Test worker] s.w.ClassOrApiAnnotationResourceGrouping : Group for method error was basic-error-controller
2017-09-20 08:01:22.662  INFO 26476 --- [    Test worker] s.w.ClassOrApiAnnotationResourceGrouping : Group for method error was basic-error-controller
2017-09-20 08:01:22.664  INFO 26476 --- [    Test worker] s.w.ClassOrApiAnnotationResourceGrouping : Group for method error was basic-error-controller
2017-09-20 08:01:22.665  INFO 26476 --- [    Test worker] s.w.ClassOrApiAnnotationResourceGrouping : Group for method error was basic-error-controller
2017-09-20 08:01:22.666  INFO 26476 --- [    Test worker] s.w.ClassOrApiAnnotationResourceGrouping : Group for method error was basic-error-controller
2017-09-20 08:01:22.668  INFO 26476 --- [    Test worker] s.w.ClassOrApiAnnotationResourceGrouping : Group for method error was basic-error-controller
2017-09-20 08:01:22.669  INFO 26476 --- [    Test worker] s.w.ClassOrApiAnnotationResourceGrouping : Group for method error was basic-error-controller
2017-09-20 08:01:22.671  INFO 26476 --- [    Test worker] s.w.ClassOrApiAnnotationResourceGrouping : Group for method error was basic-error-controller
2017-09-20 08:01:22.672  INFO 26476 --- [    Test worker] s.w.ClassOrApiAnnotationResourceGrouping : Group for method error was basic-error-controller
2017-09-20 08:01:22.674  INFO 26476 --- [    Test worker] s.w.ClassOrApiAnnotationResourceGrouping : Group for method error was basic-error-controller
2017-09-20 08:01:22.674  INFO 26476 --- [    Test worker] s.w.ClassOrApiAnnotationResourceGrouping : Group for method error was basic-error-controller
2017-09-20 08:01:22.675  INFO 26476 --- [    Test worker] s.w.ClassOrApiAnnotationResourceGrouping : Group for method error was basic-error-controller
2017-09-20 08:01:22.676  INFO 26476 --- [    Test worker] s.w.ClassOrApiAnnotationResourceGrouping : Group for method error was basic-error-controller
2017-09-20 08:01:22.677  INFO 26476 --- [    Test worker] s.w.ClassOrApiAnnotationResourceGrouping : Group for method error was basic-error-controller
2017-09-20 08:01:22.678  INFO 26476 --- [    Test worker] s.w.ClassOrApiAnnotationResourceGrouping : Group for method error was basic-error-controller
2017-09-20 08:01:22.679  INFO 26476 --- [    Test worker] s.w.ClassOrApiAnnotationResourceGrouping : Group for method error was basic-error-controller
2017-09-20 08:01:22.680  INFO 26476 --- [    Test worker] s.d.schema.ModelContextKeyGenerator      : Cache Key Generated: org.springframework.web.servlet.ModelAndView(true)
2017-09-20 08:01:22.680  INFO 26476 --- [    Test worker] s.d.spring.web.caching.CachingAspect     : Caching aspect applied for cache models with key org.springframework.web.servlet.ModelAndView(true)
2017-09-20 08:01:22.712  INFO 26476 --- [    Test worker] s.d.s.p.ModelPropertiesKeyGenerator      : Cache key generated: org.springframework.web.servlet.ModelAndView(true)
2017-09-20 08:01:22.712  INFO 26476 --- [    Test worker] s.d.spring.web.caching.CachingAspect     : Caching aspect applied for cache modelProperties with key org.springframework.web.servlet.ModelAndView(true)
2017-09-20 08:01:22.724  INFO 26476 --- [    Test worker] s.d.schema.ModelContextKeyGenerator      : Cache Key Generated: org.springframework.web.servlet.ModelAndView(true)
2017-09-20 08:01:22.724  INFO 26476 --- [    Test worker] s.d.spring.web.caching.CachingAspect     : Caching aspect applied for cache modelDependencies with key org.springframework.web.servlet.ModelAndView(true)
2017-09-20 08:01:22.724  INFO 26476 --- [    Test worker] s.d.s.p.ModelPropertiesKeyGenerator      : Cache key generated: org.springframework.web.servlet.ModelAndView(true)
2017-09-20 08:01:22.724  INFO 26476 --- [    Test worker] s.d.spring.web.caching.CachingAspect     : Caching aspect applied for cache modelProperties with key org.springframework.web.servlet.ModelAndView(true)
2017-09-20 08:01:22.725  INFO 26476 --- [    Test worker] s.d.s.p.ModelPropertiesKeyGenerator      : Cache key generated: org.springframework.web.servlet.View(true)
2017-09-20 08:01:22.725  INFO 26476 --- [    Test worker] s.d.spring.web.caching.CachingAspect     : Caching aspect applied for cache modelProperties with key org.springframework.web.servlet.View(true)
2017-09-20 08:01:22.726  INFO 26476 --- [    Test worker] s.d.s.p.ModelPropertiesKeyGenerator      : Cache key generated: org.springframework.web.servlet.View(true)
2017-09-20 08:01:22.727  INFO 26476 --- [    Test worker] s.d.spring.web.caching.CachingAspect     : Caching aspect applied for cache modelProperties with key org.springframework.web.servlet.View(true)
2017-09-20 08:01:22.728  INFO 26476 --- [    Test worker] s.d.spring.web.OperationsKeyGenerator    : Cache key generated: /error.org.springframework.boot.autoconfigure.web.BasicErrorController.errorHtml.DefaultGenericTypeNamingStrategy
2017-09-20 08:01:22.728  INFO 26476 --- [    Test worker] s.d.spring.web.caching.CachingAspect     : Caching aspect applied for cache operations with key /error.org.springframework.boot.autoconfigure.web.BasicErrorController.errorHtml.DefaultGenericTypeNamingStrategy
2017-09-20 08:01:22.729  INFO 26476 --- [    Test worker] s.w.ClassOrApiAnnotationResourceGrouping : Group for method errorHtml was basic-error-controller
2017-09-20 08:01:22.732  INFO 26476 --- [    Test worker] s.w.ClassOrApiAnnotationResourceGrouping : Group for method errorHtml was basic-error-controller
2017-09-20 08:01:22.736  INFO 26476 --- [    Test worker] s.w.ClassOrApiAnnotationResourceGrouping : Group for method errorHtml was basic-error-controller
2017-09-20 08:01:22.738  INFO 26476 --- [    Test worker] s.w.ClassOrApiAnnotationResourceGrouping : Group for method errorHtml was basic-error-controller
2017-09-20 08:01:22.739  INFO 26476 --- [    Test worker] s.w.ClassOrApiAnnotationResourceGrouping : Group for method errorHtml was basic-error-controller
2017-09-20 08:01:22.740  INFO 26476 --- [    Test worker] s.w.ClassOrApiAnnotationResourceGrouping : Group for method errorHtml was basic-error-controller
2017-09-20 08:01:22.744  INFO 26476 --- [    Test worker] s.w.ClassOrApiAnnotationResourceGrouping : Group for method errorHtml was basic-error-controller
2017-09-20 08:01:22.745  INFO 26476 --- [    Test worker] s.w.ClassOrApiAnnotationResourceGrouping : Group for method errorHtml was basic-error-controller
2017-09-20 08:01:22.746  INFO 26476 --- [    Test worker] s.w.ClassOrApiAnnotationResourceGrouping : Group for method errorHtml was basic-error-controller
2017-09-20 08:01:22.748  INFO 26476 --- [    Test worker] s.w.ClassOrApiAnnotationResourceGrouping : Group for method errorHtml was basic-error-controller
2017-09-20 08:01:22.749  INFO 26476 --- [    Test worker] s.w.ClassOrApiAnnotationResourceGrouping : Group for method errorHtml was basic-error-controller
2017-09-20 08:01:22.750  INFO 26476 --- [    Test worker] s.w.ClassOrApiAnnotationResourceGrouping : Group for method errorHtml was basic-error-controller
2017-09-20 08:01:22.751  INFO 26476 --- [    Test worker] s.w.ClassOrApiAnnotationResourceGrouping : Group for method errorHtml was basic-error-controller
2017-09-20 08:01:22.752  INFO 26476 --- [    Test worker] s.w.ClassOrApiAnnotationResourceGrouping : Group for method errorHtml was basic-error-controller
2017-09-20 08:01:22.753  INFO 26476 --- [    Test worker] s.w.ClassOrApiAnnotationResourceGrouping : Group for method errorHtml was basic-error-controller
2017-09-20 08:01:22.755  INFO 26476 --- [    Test worker] s.w.ClassOrApiAnnotationResourceGrouping : Group for method errorHtml was basic-error-controller
2017-09-20 08:01:22.757  INFO 26476 --- [    Test worker] s.d.schema.ModelContextKeyGenerator      : Cache Key Generated: java.lang.Object(true)
2017-09-20 08:01:22.757  INFO 26476 --- [    Test worker] s.d.spring.web.caching.CachingAspect     : Caching aspect applied for cache models with key java.lang.Object(true)
2017-09-20 08:01:22.757  INFO 26476 --- [    Test worker] s.d.schema.ModelContextKeyGenerator      : Cache Key Generated: java.lang.Object(true)
2017-09-20 08:01:22.758  INFO 26476 --- [    Test worker] s.d.spring.web.caching.CachingAspect     : Caching aspect applied for cache modelDependencies with key java.lang.Object(true)
2017-09-20 08:01:22.758  INFO 26476 --- [    Test worker] s.d.spring.web.OperationsKeyGenerator    : Cache key generated: /autoconfig.org.springframework.boot.actuate.endpoint.mvc.EndpointMvcAdapter.invoke.DefaultGenericTypeNamingStrategy
2017-09-20 08:01:22.758  INFO 26476 --- [    Test worker] s.d.spring.web.caching.CachingAspect     : Caching aspect applied for cache operations with key /autoconfig.org.springframework.boot.actuate.endpoint.mvc.EndpointMvcAdapter.invoke.DefaultGenericTypeNamingStrategy
2017-09-20 08:01:22.759  INFO 26476 --- [    Test worker] s.w.ClassOrApiAnnotationResourceGrouping : Group for method invoke was endpoint-mvc-adapter
2017-09-20 08:01:22.760  INFO 26476 --- [    Test worker] s.w.ClassOrApiAnnotationResourceGrouping : Group for method invoke was endpoint-mvc-adapter
2017-09-20 08:01:22.761  INFO 26476 --- [    Test worker] s.d.spring.web.OperationsKeyGenerator    : Cache key generated: /autoconfig.json.org.springframework.boot.actuate.endpoint.mvc.EndpointMvcAdapter.invoke.DefaultGenericTypeNamingStrategy
2017-09-20 08:01:22.761  INFO 26476 --- [    Test worker] s.d.spring.web.caching.CachingAspect     : Caching aspect applied for cache operations with key /autoconfig.json.org.springframework.boot.actuate.endpoint.mvc.EndpointMvcAdapter.invoke.DefaultGenericTypeNamingStrategy
2017-09-20 08:01:22.762  INFO 26476 --- [    Test worker] s.w.ClassOrApiAnnotationResourceGrouping : Group for method invoke was endpoint-mvc-adapter
2017-09-20 08:01:22.764  INFO 26476 --- [    Test worker] s.w.ClassOrApiAnnotationResourceGrouping : Group for method invoke was endpoint-mvc-adapter
2017-09-20 08:01:22.803  INFO 26476 --- [    Test worker] .d.s.w.r.o.CachingOperationNameGenerator : Generating unique operation named: invokeUsingGET_1
2017-09-20 08:01:22.806  INFO 26476 --- [    Test worker] s.d.schema.ModelContextKeyGenerator      : Cache Key Generated: java.lang.Object(true)
2017-09-20 08:01:22.807  INFO 26476 --- [    Test worker] s.d.spring.web.caching.CachingAspect     : Caching aspect applied for cache models with key java.lang.Object(true)
2017-09-20 08:01:22.807  INFO 26476 --- [    Test worker] s.d.schema.ModelContextKeyGenerator      : Cache Key Generated: java.lang.Object(true)
2017-09-20 08:01:22.808  INFO 26476 --- [    Test worker] s.d.spring.web.caching.CachingAspect     : Caching aspect applied for cache modelDependencies with key java.lang.Object(true)
2017-09-20 08:01:22.808  INFO 26476 --- [    Test worker] s.d.spring.web.OperationsKeyGenerator    : Cache key generated: /beans.org.springframework.boot.actuate.endpoint.mvc.EndpointMvcAdapter.invoke.DefaultGenericTypeNamingStrategy
2017-09-20 08:01:22.809  INFO 26476 --- [    Test worker] s.d.spring.web.caching.CachingAspect     : Caching aspect applied for cache operations with key /beans.org.springframework.boot.actuate.endpoint.mvc.EndpointMvcAdapter.invoke.DefaultGenericTypeNamingStrategy
2017-09-20 08:01:22.810  INFO 26476 --- [    Test worker] s.w.ClassOrApiAnnotationResourceGrouping : Group for method invoke was endpoint-mvc-adapter
2017-09-20 08:01:22.811  INFO 26476 --- [    Test worker] s.w.ClassOrApiAnnotationResourceGrouping : Group for method invoke was endpoint-mvc-adapter
2017-09-20 08:01:22.812  INFO 26476 --- [    Test worker] .d.s.w.r.o.CachingOperationNameGenerator : Generating unique operation named: invokeUsingGET_2
2017-09-20 08:01:22.813  INFO 26476 --- [    Test worker] s.d.spring.web.OperationsKeyGenerator    : Cache key generated: /beans.json.org.springframework.boot.actuate.endpoint.mvc.EndpointMvcAdapter.invoke.DefaultGenericTypeNamingStrategy
2017-09-20 08:01:22.814  INFO 26476 --- [    Test worker] s.d.spring.web.caching.CachingAspect     : Caching aspect applied for cache operations with key /beans.json.org.springframework.boot.actuate.endpoint.mvc.EndpointMvcAdapter.invoke.DefaultGenericTypeNamingStrategy
2017-09-20 08:01:22.815  INFO 26476 --- [    Test worker] s.w.ClassOrApiAnnotationResourceGrouping : Group for method invoke was endpoint-mvc-adapter
2017-09-20 08:01:22.816  INFO 26476 --- [    Test worker] s.w.ClassOrApiAnnotationResourceGrouping : Group for method invoke was endpoint-mvc-adapter
2017-09-20 08:01:22.816  INFO 26476 --- [    Test worker] .d.s.w.r.o.CachingOperationNameGenerator : Generating unique operation named: invokeUsingGET_3
2017-09-20 08:01:22.817  INFO 26476 --- [    Test worker] s.d.schema.ModelContextKeyGenerator      : Cache Key Generated: java.lang.Object(true)
2017-09-20 08:01:22.818  INFO 26476 --- [    Test worker] s.d.spring.web.caching.CachingAspect     : Caching aspect applied for cache models with key java.lang.Object(true)
2017-09-20 08:01:22.818  INFO 26476 --- [    Test worker] s.d.schema.ModelContextKeyGenerator      : Cache Key Generated: java.lang.Object(true)
2017-09-20 08:01:22.818  INFO 26476 --- [    Test worker] s.d.spring.web.caching.CachingAspect     : Caching aspect applied for cache modelDependencies with key java.lang.Object(true)
2017-09-20 08:01:22.818  INFO 26476 --- [    Test worker] s.d.spring.web.OperationsKeyGenerator    : Cache key generated: /configprops.org.springframework.boot.actuate.endpoint.mvc.EndpointMvcAdapter.invoke.DefaultGenericTypeNamingStrategy
2017-09-20 08:01:22.819  INFO 26476 --- [    Test worker] s.d.spring.web.caching.CachingAspect     : Caching aspect applied for cache operations with key /configprops.org.springframework.boot.actuate.endpoint.mvc.EndpointMvcAdapter.invoke.DefaultGenericTypeNamingStrategy
2017-09-20 08:01:22.820  INFO 26476 --- [    Test worker] s.w.ClassOrApiAnnotationResourceGrouping : Group for method invoke was endpoint-mvc-adapter
2017-09-20 08:01:22.821  INFO 26476 --- [    Test worker] s.w.ClassOrApiAnnotationResourceGrouping : Group for method invoke was endpoint-mvc-adapter
2017-09-20 08:01:22.822  INFO 26476 --- [    Test worker] .d.s.w.r.o.CachingOperationNameGenerator : Generating unique operation named: invokeUsingGET_4
2017-09-20 08:01:22.822  INFO 26476 --- [    Test worker] s.d.spring.web.OperationsKeyGenerator    : Cache key generated: /configprops.json.org.springframework.boot.actuate.endpoint.mvc.EndpointMvcAdapter.invoke.DefaultGenericTypeNamingStrategy
2017-09-20 08:01:22.823  INFO 26476 --- [    Test worker] s.d.spring.web.caching.CachingAspect     : Caching aspect applied for cache operations with key /configprops.json.org.springframework.boot.actuate.endpoint.mvc.EndpointMvcAdapter.invoke.DefaultGenericTypeNamingStrategy
2017-09-20 08:01:22.824  INFO 26476 --- [    Test worker] s.w.ClassOrApiAnnotationResourceGrouping : Group for method invoke was endpoint-mvc-adapter
2017-09-20 08:01:22.825  INFO 26476 --- [    Test worker] s.w.ClassOrApiAnnotationResourceGrouping : Group for method invoke was endpoint-mvc-adapter
2017-09-20 08:01:22.825  INFO 26476 --- [    Test worker] .d.s.w.r.o.CachingOperationNameGenerator : Generating unique operation named: invokeUsingGET_5
2017-09-20 08:01:22.826  INFO 26476 --- [    Test worker] s.d.schema.ModelContextKeyGenerator      : Cache Key Generated: java.lang.Object(true)
2017-09-20 08:01:22.827  INFO 26476 --- [    Test worker] s.d.spring.web.caching.CachingAspect     : Caching aspect applied for cache models with key java.lang.Object(true)
2017-09-20 08:01:22.827  INFO 26476 --- [    Test worker] s.d.schema.ModelContextKeyGenerator      : Cache Key Generated: java.lang.Object(true)
2017-09-20 08:01:22.827  INFO 26476 --- [    Test worker] s.d.spring.web.caching.CachingAspect     : Caching aspect applied for cache modelDependencies with key java.lang.Object(true)
2017-09-20 08:01:22.828  INFO 26476 --- [    Test worker] s.d.spring.web.OperationsKeyGenerator    : Cache key generated: /dump.org.springframework.boot.actuate.endpoint.mvc.EndpointMvcAdapter.invoke.DefaultGenericTypeNamingStrategy
2017-09-20 08:01:22.828  INFO 26476 --- [    Test worker] s.d.spring.web.caching.CachingAspect     : Caching aspect applied for cache operations with key /dump.org.springframework.boot.actuate.endpoint.mvc.EndpointMvcAdapter.invoke.DefaultGenericTypeNamingStrategy
2017-09-20 08:01:22.829  INFO 26476 --- [    Test worker] s.w.ClassOrApiAnnotationResourceGrouping : Group for method invoke was endpoint-mvc-adapter
2017-09-20 08:01:22.830  INFO 26476 --- [    Test worker] s.w.ClassOrApiAnnotationResourceGrouping : Group for method invoke was endpoint-mvc-adapter
2017-09-20 08:01:22.832  INFO 26476 --- [    Test worker] .d.s.w.r.o.CachingOperationNameGenerator : Generating unique operation named: invokeUsingGET_6
2017-09-20 08:01:22.833  INFO 26476 --- [    Test worker] s.d.spring.web.OperationsKeyGenerator    : Cache key generated: /dump.json.org.springframework.boot.actuate.endpoint.mvc.EndpointMvcAdapter.invoke.DefaultGenericTypeNamingStrategy
2017-09-20 08:01:22.834  INFO 26476 --- [    Test worker] s.d.spring.web.caching.CachingAspect     : Caching aspect applied for cache operations with key /dump.json.org.springframework.boot.actuate.endpoint.mvc.EndpointMvcAdapter.invoke.DefaultGenericTypeNamingStrategy
2017-09-20 08:01:22.835  INFO 26476 --- [    Test worker] s.w.ClassOrApiAnnotationResourceGrouping : Group for method invoke was endpoint-mvc-adapter
2017-09-20 08:01:22.838  INFO 26476 --- [    Test worker] s.w.ClassOrApiAnnotationResourceGrouping : Group for method invoke was endpoint-mvc-adapter
2017-09-20 08:01:22.839  INFO 26476 --- [    Test worker] .d.s.w.r.o.CachingOperationNameGenerator : Generating unique operation named: invokeUsingGET_7
2017-09-20 08:01:22.840  INFO 26476 --- [    Test worker] s.d.schema.ModelContextKeyGenerator      : Cache Key Generated: java.lang.Object(true)
2017-09-20 08:01:22.841  INFO 26476 --- [    Test worker] s.d.spring.web.caching.CachingAspect     : Caching aspect applied for cache models with key java.lang.Object(true)
2017-09-20 08:01:22.841  INFO 26476 --- [    Test worker] s.d.schema.ModelContextKeyGenerator      : Cache Key Generated: java.lang.Object(true)
2017-09-20 08:01:22.842  INFO 26476 --- [    Test worker] s.d.spring.web.caching.CachingAspect     : Caching aspect applied for cache modelDependencies with key java.lang.Object(true)
2017-09-20 08:01:22.843  INFO 26476 --- [    Test worker] s.d.spring.web.OperationsKeyGenerator    : Cache key generated: /info.org.springframework.boot.actuate.endpoint.mvc.EndpointMvcAdapter.invoke.DefaultGenericTypeNamingStrategy
2017-09-20 08:01:22.843  INFO 26476 --- [    Test worker] s.d.spring.web.caching.CachingAspect     : Caching aspect applied for cache operations with key /info.org.springframework.boot.actuate.endpoint.mvc.EndpointMvcAdapter.invoke.DefaultGenericTypeNamingStrategy
2017-09-20 08:01:22.844  INFO 26476 --- [    Test worker] s.w.ClassOrApiAnnotationResourceGrouping : Group for method invoke was endpoint-mvc-adapter
2017-09-20 08:01:22.845  INFO 26476 --- [    Test worker] s.w.ClassOrApiAnnotationResourceGrouping : Group for method invoke was endpoint-mvc-adapter
2017-09-20 08:01:22.846  INFO 26476 --- [    Test worker] .d.s.w.r.o.CachingOperationNameGenerator : Generating unique operation named: invokeUsingGET_8
2017-09-20 08:01:22.846  INFO 26476 --- [    Test worker] s.d.spring.web.OperationsKeyGenerator    : Cache key generated: /info.json.org.springframework.boot.actuate.endpoint.mvc.EndpointMvcAdapter.invoke.DefaultGenericTypeNamingStrategy
2017-09-20 08:01:22.847  INFO 26476 --- [    Test worker] s.d.spring.web.caching.CachingAspect     : Caching aspect applied for cache operations with key /info.json.org.springframework.boot.actuate.endpoint.mvc.EndpointMvcAdapter.invoke.DefaultGenericTypeNamingStrategy
2017-09-20 08:01:22.847  INFO 26476 --- [    Test worker] s.w.ClassOrApiAnnotationResourceGrouping : Group for method invoke was endpoint-mvc-adapter
2017-09-20 08:01:22.848  INFO 26476 --- [    Test worker] s.w.ClassOrApiAnnotationResourceGrouping : Group for method invoke was endpoint-mvc-adapter
2017-09-20 08:01:22.848  INFO 26476 --- [    Test worker] .d.s.w.r.o.CachingOperationNameGenerator : Generating unique operation named: invokeUsingGET_9
2017-09-20 08:01:22.849  INFO 26476 --- [    Test worker] s.d.schema.ModelContextKeyGenerator      : Cache Key Generated: java.lang.Object(true)
2017-09-20 08:01:22.849  INFO 26476 --- [    Test worker] s.d.spring.web.caching.CachingAspect     : Caching aspect applied for cache models with key java.lang.Object(true)
2017-09-20 08:01:22.850  INFO 26476 --- [    Test worker] s.d.schema.ModelContextKeyGenerator      : Cache Key Generated: java.lang.Object(true)
2017-09-20 08:01:22.850  INFO 26476 --- [    Test worker] s.d.spring.web.caching.CachingAspect     : Caching aspect applied for cache modelDependencies with key java.lang.Object(true)
2017-09-20 08:01:22.850  INFO 26476 --- [    Test worker] s.d.spring.web.OperationsKeyGenerator    : Cache key generated: /mappings.org.springframework.boot.actuate.endpoint.mvc.EndpointMvcAdapter.invoke.DefaultGenericTypeNamingStrategy
2017-09-20 08:01:22.851  INFO 26476 --- [    Test worker] s.d.spring.web.caching.CachingAspect     : Caching aspect applied for cache operations with key /mappings.org.springframework.boot.actuate.endpoint.mvc.EndpointMvcAdapter.invoke.DefaultGenericTypeNamingStrategy
2017-09-20 08:01:22.852  INFO 26476 --- [    Test worker] s.w.ClassOrApiAnnotationResourceGrouping : Group for method invoke was endpoint-mvc-adapter
2017-09-20 08:01:22.852  INFO 26476 --- [    Test worker] s.w.ClassOrApiAnnotationResourceGrouping : Group for method invoke was endpoint-mvc-adapter
2017-09-20 08:01:22.854  INFO 26476 --- [    Test worker] .d.s.w.r.o.CachingOperationNameGenerator : Generating unique operation named: invokeUsingGET_10
2017-09-20 08:01:22.854  INFO 26476 --- [    Test worker] s.d.spring.web.OperationsKeyGenerator    : Cache key generated: /mappings.json.org.springframework.boot.actuate.endpoint.mvc.EndpointMvcAdapter.invoke.DefaultGenericTypeNamingStrategy
2017-09-20 08:01:22.854  INFO 26476 --- [    Test worker] s.d.spring.web.caching.CachingAspect     : Caching aspect applied for cache operations with key /mappings.json.org.springframework.boot.actuate.endpoint.mvc.EndpointMvcAdapter.invoke.DefaultGenericTypeNamingStrategy
2017-09-20 08:01:22.855  INFO 26476 --- [    Test worker] s.w.ClassOrApiAnnotationResourceGrouping : Group for method invoke was endpoint-mvc-adapter
2017-09-20 08:01:22.855  INFO 26476 --- [    Test worker] s.w.ClassOrApiAnnotationResourceGrouping : Group for method invoke was endpoint-mvc-adapter
2017-09-20 08:01:22.856  INFO 26476 --- [    Test worker] .d.s.w.r.o.CachingOperationNameGenerator : Generating unique operation named: invokeUsingGET_11
2017-09-20 08:01:22.856  INFO 26476 --- [    Test worker] s.d.schema.ModelContextKeyGenerator      : Cache Key Generated: java.lang.Object(true)
2017-09-20 08:01:22.856  INFO 26476 --- [    Test worker] s.d.spring.web.caching.CachingAspect     : Caching aspect applied for cache models with key java.lang.Object(true)
2017-09-20 08:01:22.857  INFO 26476 --- [    Test worker] s.d.schema.ModelContextKeyGenerator      : Cache Key Generated: java.lang.Object(true)
2017-09-20 08:01:22.857  INFO 26476 --- [    Test worker] s.d.spring.web.caching.CachingAspect     : Caching aspect applied for cache modelDependencies with key java.lang.Object(true)
2017-09-20 08:01:22.857  INFO 26476 --- [    Test worker] s.d.spring.web.OperationsKeyGenerator    : Cache key generated: /trace.org.springframework.boot.actuate.endpoint.mvc.EndpointMvcAdapter.invoke.DefaultGenericTypeNamingStrategy
2017-09-20 08:01:22.857  INFO 26476 --- [    Test worker] s.d.spring.web.caching.CachingAspect     : Caching aspect applied for cache operations with key /trace.org.springframework.boot.actuate.endpoint.mvc.EndpointMvcAdapter.invoke.DefaultGenericTypeNamingStrategy
2017-09-20 08:01:22.858  INFO 26476 --- [    Test worker] s.w.ClassOrApiAnnotationResourceGrouping : Group for method invoke was endpoint-mvc-adapter
2017-09-20 08:01:22.876  INFO 26476 --- [    Test worker] s.w.ClassOrApiAnnotationResourceGrouping : Group for method invoke was endpoint-mvc-adapter
2017-09-20 08:01:22.876  INFO 26476 --- [    Test worker] .d.s.w.r.o.CachingOperationNameGenerator : Generating unique operation named: invokeUsingGET_12
2017-09-20 08:01:22.876  INFO 26476 --- [    Test worker] s.d.spring.web.OperationsKeyGenerator    : Cache key generated: /trace.json.org.springframework.boot.actuate.endpoint.mvc.EndpointMvcAdapter.invoke.DefaultGenericTypeNamingStrategy
2017-09-20 08:01:22.876  INFO 26476 --- [    Test worker] s.d.spring.web.caching.CachingAspect     : Caching aspect applied for cache operations with key /trace.json.org.springframework.boot.actuate.endpoint.mvc.EndpointMvcAdapter.invoke.DefaultGenericTypeNamingStrategy
2017-09-20 08:01:22.879  INFO 26476 --- [    Test worker] s.w.ClassOrApiAnnotationResourceGrouping : Group for method invoke was endpoint-mvc-adapter
2017-09-20 08:01:22.880  INFO 26476 --- [    Test worker] s.w.ClassOrApiAnnotationResourceGrouping : Group for method invoke was endpoint-mvc-adapter
2017-09-20 08:01:22.880  INFO 26476 --- [    Test worker] .d.s.w.r.o.CachingOperationNameGenerator : Generating unique operation named: invokeUsingGET_13
2017-09-20 08:01:22.882  INFO 26476 --- [    Test worker] s.d.schema.ModelContextKeyGenerator      : Cache Key Generated: java.lang.Object(true)
2017-09-20 08:01:22.882  INFO 26476 --- [    Test worker] s.d.spring.web.caching.CachingAspect     : Caching aspect applied for cache models with key java.lang.Object(true)
2017-09-20 08:01:22.882  INFO 26476 --- [    Test worker] s.d.schema.ModelContextKeyGenerator      : Cache Key Generated: java.lang.Object(true)
2017-09-20 08:01:22.882  INFO 26476 --- [    Test worker] s.d.spring.web.caching.CachingAspect     : Caching aspect applied for cache modelDependencies with key java.lang.Object(true)
2017-09-20 08:01:22.882  INFO 26476 --- [    Test worker] s.d.spring.web.OperationsKeyGenerator    : Cache key generated: /env.org.springframework.boot.actuate.endpoint.mvc.EndpointMvcAdapter.invoke.DefaultGenericTypeNamingStrategy
2017-09-20 08:01:22.882  INFO 26476 --- [    Test worker] s.d.spring.web.caching.CachingAspect     : Caching aspect applied for cache operations with key /env.org.springframework.boot.actuate.endpoint.mvc.EndpointMvcAdapter.invoke.DefaultGenericTypeNamingStrategy
2017-09-20 08:01:22.885  INFO 26476 --- [    Test worker] s.w.ClassOrApiAnnotationResourceGrouping : Group for method invoke was environment-mvc-endpoint
2017-09-20 08:01:22.890  INFO 26476 --- [    Test worker] s.w.ClassOrApiAnnotationResourceGrouping : Group for method invoke was environment-mvc-endpoint
2017-09-20 08:01:22.890  INFO 26476 --- [    Test worker] .d.s.w.r.o.CachingOperationNameGenerator : Generating unique operation named: invokeUsingGET_14
2017-09-20 08:01:22.891  INFO 26476 --- [    Test worker] s.d.spring.web.OperationsKeyGenerator    : Cache key generated: /env.json.org.springframework.boot.actuate.endpoint.mvc.EndpointMvcAdapter.invoke.DefaultGenericTypeNamingStrategy
2017-09-20 08:01:22.891  INFO 26476 --- [    Test worker] s.d.spring.web.caching.CachingAspect     : Caching aspect applied for cache operations with key /env.json.org.springframework.boot.actuate.endpoint.mvc.EndpointMvcAdapter.invoke.DefaultGenericTypeNamingStrategy
2017-09-20 08:01:22.892  INFO 26476 --- [    Test worker] s.w.ClassOrApiAnnotationResourceGrouping : Group for method invoke was environment-mvc-endpoint
2017-09-20 08:01:22.893  INFO 26476 --- [    Test worker] s.w.ClassOrApiAnnotationResourceGrouping : Group for method invoke was environment-mvc-endpoint
2017-09-20 08:01:22.893  INFO 26476 --- [    Test worker] .d.s.w.r.o.CachingOperationNameGenerator : Generating unique operation named: invokeUsingGET_15
2017-09-20 08:01:22.894  INFO 26476 --- [    Test worker] s.d.schema.ModelContextKeyGenerator      : Cache Key Generated: java.lang.Object(true)
2017-09-20 08:01:22.894  INFO 26476 --- [    Test worker] s.d.spring.web.caching.CachingAspect     : Caching aspect applied for cache models with key java.lang.Object(true)
2017-09-20 08:01:22.894  INFO 26476 --- [    Test worker] s.d.schema.ModelContextKeyGenerator      : Cache Key Generated: java.lang.Object(true)
2017-09-20 08:01:22.894  INFO 26476 --- [    Test worker] s.d.spring.web.caching.CachingAspect     : Caching aspect applied for cache modelDependencies with key java.lang.Object(true)
2017-09-20 08:01:22.895  INFO 26476 --- [    Test worker] s.d.spring.web.OperationsKeyGenerator    : Cache key generated: /env/{name:.*}.org.springframework.boot.actuate.endpoint.mvc.EnvironmentMvcEndpoint.value.DefaultGenericTypeNamingStrategy
2017-09-20 08:01:22.895  INFO 26476 --- [    Test worker] s.d.spring.web.caching.CachingAspect     : Caching aspect applied for cache operations with key /env/{name:.*}.org.springframework.boot.actuate.endpoint.mvc.EnvironmentMvcEndpoint.value.DefaultGenericTypeNamingStrategy
2017-09-20 08:01:22.897  INFO 26476 --- [    Test worker] s.w.ClassOrApiAnnotationResourceGrouping : Group for method value was environment-mvc-endpoint
2017-09-20 08:01:22.898  INFO 26476 --- [    Test worker] s.w.ClassOrApiAnnotationResourceGrouping : Group for method value was environment-mvc-endpoint
2017-09-20 08:01:22.900  INFO 26476 --- [    Test worker] s.d.schema.ModelContextKeyGenerator      : Cache Key Generated: org.springframework.hateoas.ResourceSupport(true)
2017-09-20 08:01:22.900  INFO 26476 --- [    Test worker] s.d.spring.web.caching.CachingAspect     : Caching aspect applied for cache models with key org.springframework.hateoas.ResourceSupport(true)
2017-09-20 08:01:22.900  INFO 26476 --- [    Test worker] s.d.s.p.ModelPropertiesKeyGenerator      : Cache key generated: org.springframework.hateoas.ResourceSupport(true)
2017-09-20 08:01:22.900  INFO 26476 --- [    Test worker] s.d.spring.web.caching.CachingAspect     : Caching aspect applied for cache modelProperties with key org.springframework.hateoas.ResourceSupport(true)
2017-09-20 08:01:22.905  INFO 26476 --- [    Test worker] s.d.schema.ModelContextKeyGenerator      : Cache Key Generated: org.springframework.hateoas.ResourceSupport(true)
2017-09-20 08:01:22.905  INFO 26476 --- [    Test worker] s.d.spring.web.caching.CachingAspect     : Caching aspect applied for cache modelDependencies with key org.springframework.hateoas.ResourceSupport(true)
2017-09-20 08:01:22.905  INFO 26476 --- [    Test worker] s.d.s.p.ModelPropertiesKeyGenerator      : Cache key generated: org.springframework.hateoas.ResourceSupport(true)
2017-09-20 08:01:22.910  INFO 26476 --- [    Test worker] s.d.spring.web.caching.CachingAspect     : Caching aspect applied for cache modelProperties with key org.springframework.hateoas.ResourceSupport(true)
2017-09-20 08:01:22.911  INFO 26476 --- [    Test worker] s.d.s.p.ModelPropertiesKeyGenerator      : Cache key generated: org.springframework.hateoas.Link(true)
2017-09-20 08:01:22.911  INFO 26476 --- [    Test worker] s.d.spring.web.caching.CachingAspect     : Caching aspect applied for cache modelProperties with key org.springframework.hateoas.Link(true)
2017-09-20 08:01:22.921  INFO 26476 --- [    Test worker] s.d.s.p.ModelPropertiesKeyGenerator      : Cache key generated: org.springframework.hateoas.Link(true)
2017-09-20 08:01:22.921  INFO 26476 --- [    Test worker] s.d.spring.web.caching.CachingAspect     : Caching aspect applied for cache modelProperties with key org.springframework.hateoas.Link(true)
2017-09-20 08:01:22.921  INFO 26476 --- [    Test worker] s.d.spring.web.OperationsKeyGenerator    : Cache key generated: /actuator.org.springframework.boot.actuate.endpoint.mvc.HalJsonMvcEndpoint.links.DefaultGenericTypeNamingStrategy
2017-09-20 08:01:22.921  INFO 26476 --- [    Test worker] s.d.spring.web.caching.CachingAspect     : Caching aspect applied for cache operations with key /actuator.org.springframework.boot.actuate.endpoint.mvc.HalJsonMvcEndpoint.links.DefaultGenericTypeNamingStrategy
2017-09-20 08:01:22.922  INFO 26476 --- [    Test worker] s.w.ClassOrApiAnnotationResourceGrouping : Group for method links was hal-json-mvc-endpoint
2017-09-20 08:01:22.924  INFO 26476 --- [    Test worker] s.w.ClassOrApiAnnotationResourceGrouping : Group for method links was hal-json-mvc-endpoint
2017-09-20 08:01:22.926  INFO 26476 --- [    Test worker] s.d.spring.web.OperationsKeyGenerator    : Cache key generated: /actuator.json.org.springframework.boot.actuate.endpoint.mvc.HalJsonMvcEndpoint.links.DefaultGenericTypeNamingStrategy
2017-09-20 08:01:22.926  INFO 26476 --- [    Test worker] s.d.spring.web.caching.CachingAspect     : Caching aspect applied for cache operations with key /actuator.json.org.springframework.boot.actuate.endpoint.mvc.HalJsonMvcEndpoint.links.DefaultGenericTypeNamingStrategy
2017-09-20 08:01:22.927  INFO 26476 --- [    Test worker] s.w.ClassOrApiAnnotationResourceGrouping : Group for method links was hal-json-mvc-endpoint
2017-09-20 08:01:22.930  INFO 26476 --- [    Test worker] s.w.ClassOrApiAnnotationResourceGrouping : Group for method links was hal-json-mvc-endpoint
2017-09-20 08:01:22.931  INFO 26476 --- [    Test worker] .d.s.w.r.o.CachingOperationNameGenerator : Generating unique operation named: linksUsingGET_1
2017-09-20 08:01:22.933  INFO 26476 --- [    Test worker] s.d.schema.ModelContextKeyGenerator      : Cache Key Generated: java.lang.Object(true)
2017-09-20 08:01:22.933  INFO 26476 --- [    Test worker] s.d.spring.web.caching.CachingAspect     : Caching aspect applied for cache models with key java.lang.Object(true)
2017-09-20 08:01:22.933  INFO 26476 --- [    Test worker] s.d.schema.ModelContextKeyGenerator      : Cache Key Generated: java.lang.Object(true)
2017-09-20 08:01:22.933  INFO 26476 --- [    Test worker] s.d.spring.web.caching.CachingAspect     : Caching aspect applied for cache modelDependencies with key java.lang.Object(true)
2017-09-20 08:01:22.934  INFO 26476 --- [    Test worker] s.d.spring.web.OperationsKeyGenerator    : Cache key generated: /health.org.springframework.boot.actuate.endpoint.mvc.HealthMvcEndpoint.invoke.DefaultGenericTypeNamingStrategy
2017-09-20 08:01:22.934  INFO 26476 --- [    Test worker] s.d.spring.web.caching.CachingAspect     : Caching aspect applied for cache operations with key /health.org.springframework.boot.actuate.endpoint.mvc.HealthMvcEndpoint.invoke.DefaultGenericTypeNamingStrategy
2017-09-20 08:01:22.979  INFO 26476 --- [    Test worker] s.w.ClassOrApiAnnotationResourceGrouping : Group for method invoke was health-mvc-endpoint
2017-09-20 08:01:22.980  INFO 26476 --- [    Test worker] s.w.ClassOrApiAnnotationResourceGrouping : Group for method invoke was health-mvc-endpoint
2017-09-20 08:01:22.981  INFO 26476 --- [    Test worker] .d.s.w.r.o.CachingOperationNameGenerator : Generating unique operation named: invokeUsingGET_16
2017-09-20 08:01:22.982  INFO 26476 --- [    Test worker] s.d.spring.web.OperationsKeyGenerator    : Cache key generated: /health.json.org.springframework.boot.actuate.endpoint.mvc.HealthMvcEndpoint.invoke.DefaultGenericTypeNamingStrategy
2017-09-20 08:01:22.982  INFO 26476 --- [    Test worker] s.d.spring.web.caching.CachingAspect     : Caching aspect applied for cache operations with key /health.json.org.springframework.boot.actuate.endpoint.mvc.HealthMvcEndpoint.invoke.DefaultGenericTypeNamingStrategy
2017-09-20 08:01:22.984  INFO 26476 --- [    Test worker] s.w.ClassOrApiAnnotationResourceGrouping : Group for method invoke was health-mvc-endpoint
2017-09-20 08:01:22.986  INFO 26476 --- [    Test worker] s.w.ClassOrApiAnnotationResourceGrouping : Group for method invoke was health-mvc-endpoint
2017-09-20 08:01:22.986  INFO 26476 --- [    Test worker] .d.s.w.r.o.CachingOperationNameGenerator : Generating unique operation named: invokeUsingGET_17
2017-09-20 08:01:22.998  INFO 26476 --- [    Test worker] s.d.schema.ModelContextKeyGenerator      : Cache Key Generated: java.lang.Void(true)
2017-09-20 08:01:22.999  INFO 26476 --- [    Test worker] s.d.spring.web.caching.CachingAspect     : Caching aspect applied for cache models with key java.lang.Void(true)
2017-09-20 08:01:23.000  INFO 26476 --- [    Test worker] s.d.schema.ModelContextKeyGenerator      : Cache Key Generated: java.lang.Void(true)
2017-09-20 08:01:23.000  INFO 26476 --- [    Test worker] s.d.spring.web.caching.CachingAspect     : Caching aspect applied for cache modelDependencies with key java.lang.Void(true)
2017-09-20 08:01:23.001  INFO 26476 --- [    Test worker] s.d.spring.web.OperationsKeyGenerator    : Cache key generated: /heapdump.org.springframework.boot.actuate.endpoint.mvc.HeapdumpMvcEndpoint.invoke.DefaultGenericTypeNamingStrategy
2017-09-20 08:01:23.002  INFO 26476 --- [    Test worker] s.d.spring.web.caching.CachingAspect     : Caching aspect applied for cache operations with key /heapdump.org.springframework.boot.actuate.endpoint.mvc.HeapdumpMvcEndpoint.invoke.DefaultGenericTypeNamingStrategy
2017-09-20 08:01:23.044  INFO 26476 --- [    Test worker] s.w.ClassOrApiAnnotationResourceGrouping : Group for method invoke was heapdump-mvc-endpoint
2017-09-20 08:01:23.046  INFO 26476 --- [    Test worker] s.w.ClassOrApiAnnotationResourceGrouping : Group for method invoke was heapdump-mvc-endpoint
2017-09-20 08:01:23.048  INFO 26476 --- [    Test worker] .d.s.w.r.o.CachingOperationNameGenerator : Generating unique operation named: invokeUsingGET_18
2017-09-20 08:01:23.051  INFO 26476 --- [    Test worker] s.d.spring.web.OperationsKeyGenerator    : Cache key generated: /heapdump.json.org.springframework.boot.actuate.endpoint.mvc.HeapdumpMvcEndpoint.invoke.DefaultGenericTypeNamingStrategy
2017-09-20 08:01:23.051  INFO 26476 --- [    Test worker] s.d.spring.web.caching.CachingAspect     : Caching aspect applied for cache operations with key /heapdump.json.org.springframework.boot.actuate.endpoint.mvc.HeapdumpMvcEndpoint.invoke.DefaultGenericTypeNamingStrategy
2017-09-20 08:01:23.057  INFO 26476 --- [    Test worker] s.w.ClassOrApiAnnotationResourceGrouping : Group for method invoke was heapdump-mvc-endpoint
2017-09-20 08:01:23.059  INFO 26476 --- [    Test worker] s.w.ClassOrApiAnnotationResourceGrouping : Group for method invoke was heapdump-mvc-endpoint
2017-09-20 08:01:23.061  INFO 26476 --- [    Test worker] .d.s.w.r.o.CachingOperationNameGenerator : Generating unique operation named: invokeUsingGET_19
2017-09-20 08:01:23.062  INFO 26476 --- [    Test worker] s.d.schema.ModelContextKeyGenerator      : Cache Key Generated: java.lang.String(true)
2017-09-20 08:01:23.063  INFO 26476 --- [    Test worker] s.d.spring.web.caching.CachingAspect     : Caching aspect applied for cache models with key java.lang.String(true)
2017-09-20 08:01:23.064  INFO 26476 --- [    Test worker] s.d.schema.ModelContextKeyGenerator      : Cache Key Generated: java.lang.String(true)
2017-09-20 08:01:23.064  INFO 26476 --- [    Test worker] s.d.spring.web.caching.CachingAspect     : Caching aspect applied for cache modelDependencies with key java.lang.String(true)
2017-09-20 08:01:23.065  INFO 26476 --- [    Test worker] s.d.spring.web.OperationsKeyGenerator    : Cache key generated: /api/get1/node/{node}.knockknock.KnockKnockController.get1.DefaultGenericTypeNamingStrategy
2017-09-20 08:01:23.066  INFO 26476 --- [    Test worker] s.d.spring.web.caching.CachingAspect     : Caching aspect applied for cache operations with key /api/get1/node/{node}.knockknock.KnockKnockController.get1.DefaultGenericTypeNamingStrategy
2017-09-20 08:01:23.069  INFO 26476 --- [    Test worker] s.w.ClassOrApiAnnotationResourceGrouping : Group for method get1 was knock-knock-controller
2017-09-20 08:01:23.071  INFO 26476 --- [    Test worker] s.w.ClassOrApiAnnotationResourceGrouping : Group for method get1 was knock-knock-controller
2017-09-20 08:01:23.074  INFO 26476 --- [    Test worker] s.d.schema.ModelContextKeyGenerator      : Cache Key Generated: java.lang.String(true)
2017-09-20 08:01:23.074  INFO 26476 --- [    Test worker] s.d.spring.web.caching.CachingAspect     : Caching aspect applied for cache models with key java.lang.String(true)
2017-09-20 08:01:23.074  INFO 26476 --- [    Test worker] s.d.schema.ModelContextKeyGenerator      : Cache Key Generated: java.lang.String(true)
2017-09-20 08:01:23.074  INFO 26476 --- [    Test worker] s.d.spring.web.caching.CachingAspect     : Caching aspect applied for cache modelDependencies with key java.lang.String(true)
2017-09-20 08:01:23.075  INFO 26476 --- [    Test worker] s.d.spring.web.OperationsKeyGenerator    : Cache key generated: /.knockknock.KnockKnockController.index.DefaultGenericTypeNamingStrategy
2017-09-20 08:01:23.075  INFO 26476 --- [    Test worker] s.d.spring.web.caching.CachingAspect     : Caching aspect applied for cache operations with key /.knockknock.KnockKnockController.index.DefaultGenericTypeNamingStrategy
2017-09-20 08:01:23.076  INFO 26476 --- [    Test worker] s.w.ClassOrApiAnnotationResourceGrouping : Group for method index was knock-knock-controller
2017-09-20 08:01:23.077  INFO 26476 --- [    Test worker] s.w.ClassOrApiAnnotationResourceGrouping : Group for method index was knock-knock-controller
2017-09-20 08:01:23.083  INFO 26476 --- [    Test worker] s.w.ClassOrApiAnnotationResourceGrouping : Group for method index was knock-knock-controller
2017-09-20 08:01:23.084  INFO 26476 --- [    Test worker] s.w.ClassOrApiAnnotationResourceGrouping : Group for method index was knock-knock-controller
2017-09-20 08:01:23.085  INFO 26476 --- [    Test worker] s.w.ClassOrApiAnnotationResourceGrouping : Group for method index was knock-knock-controller
2017-09-20 08:01:23.088  INFO 26476 --- [    Test worker] s.w.ClassOrApiAnnotationResourceGrouping : Group for method index was knock-knock-controller
2017-09-20 08:01:23.089  INFO 26476 --- [    Test worker] s.w.ClassOrApiAnnotationResourceGrouping : Group for method index was knock-knock-controller
2017-09-20 08:01:23.090  INFO 26476 --- [    Test worker] s.w.ClassOrApiAnnotationResourceGrouping : Group for method index was knock-knock-controller
2017-09-20 08:01:23.091  INFO 26476 --- [    Test worker] s.w.ClassOrApiAnnotationResourceGrouping : Group for method index was knock-knock-controller
2017-09-20 08:01:23.094  INFO 26476 --- [    Test worker] s.w.ClassOrApiAnnotationResourceGrouping : Group for method index was knock-knock-controller
2017-09-20 08:01:23.095  INFO 26476 --- [    Test worker] s.w.ClassOrApiAnnotationResourceGrouping : Group for method index was knock-knock-controller
2017-09-20 08:01:23.096  INFO 26476 --- [    Test worker] s.w.ClassOrApiAnnotationResourceGrouping : Group for method index was knock-knock-controller
2017-09-20 08:01:23.097  INFO 26476 --- [    Test worker] s.w.ClassOrApiAnnotationResourceGrouping : Group for method index was knock-knock-controller
2017-09-20 08:01:23.100  INFO 26476 --- [    Test worker] s.w.ClassOrApiAnnotationResourceGrouping : Group for method index was knock-knock-controller
2017-09-20 08:01:23.102  INFO 26476 --- [    Test worker] s.w.ClassOrApiAnnotationResourceGrouping : Group for method index was knock-knock-controller
2017-09-20 08:01:23.105  INFO 26476 --- [    Test worker] s.w.ClassOrApiAnnotationResourceGrouping : Group for method index was knock-knock-controller
2017-09-20 08:01:23.114  INFO 26476 --- [    Test worker] s.d.schema.ModelContextKeyGenerator      : Cache Key Generated: java.lang.Object(true)
2017-09-20 08:01:23.115  INFO 26476 --- [    Test worker] s.d.spring.web.caching.CachingAspect     : Caching aspect applied for cache models with key java.lang.Object(true)
2017-09-20 08:01:23.115  INFO 26476 --- [    Test worker] s.d.schema.ModelContextKeyGenerator      : Cache Key Generated: java.lang.Object(true)
2017-09-20 08:01:23.116  INFO 26476 --- [    Test worker] s.d.spring.web.caching.CachingAspect     : Caching aspect applied for cache modelDependencies with key java.lang.Object(true)
2017-09-20 08:01:23.116  INFO 26476 --- [    Test worker] s.d.spring.web.OperationsKeyGenerator    : Cache key generated: /loggers/{name:.*}.org.springframework.boot.actuate.endpoint.mvc.LoggersMvcEndpoint.get.DefaultGenericTypeNamingStrategy
2017-09-20 08:01:23.116  INFO 26476 --- [    Test worker] s.d.spring.web.caching.CachingAspect     : Caching aspect applied for cache operations with key /loggers/{name:.*}.org.springframework.boot.actuate.endpoint.mvc.LoggersMvcEndpoint.get.DefaultGenericTypeNamingStrategy
2017-09-20 08:01:23.122  INFO 26476 --- [    Test worker] s.w.ClassOrApiAnnotationResourceGrouping : Group for method get was loggers-mvc-endpoint
2017-09-20 08:01:23.124  INFO 26476 --- [    Test worker] s.w.ClassOrApiAnnotationResourceGrouping : Group for method get was loggers-mvc-endpoint
2017-09-20 08:01:23.126  INFO 26476 --- [    Test worker] s.d.schema.ModelContextKeyGenerator      : Cache Key Generated: java.lang.Object(true)
2017-09-20 08:01:23.126  INFO 26476 --- [    Test worker] s.d.spring.web.caching.CachingAspect     : Caching aspect applied for cache models with key java.lang.Object(true)
2017-09-20 08:01:23.127  INFO 26476 --- [    Test worker] s.d.schema.ModelContextKeyGenerator      : Cache Key Generated: java.lang.Object(true)
2017-09-20 08:01:23.130  INFO 26476 --- [    Test worker] s.d.spring.web.caching.CachingAspect     : Caching aspect applied for cache modelDependencies with key java.lang.Object(true)
2017-09-20 08:01:23.131  INFO 26476 --- [    Test worker] s.d.spring.web.OperationsKeyGenerator    : Cache key generated: /loggers.org.springframework.boot.actuate.endpoint.mvc.EndpointMvcAdapter.invoke.DefaultGenericTypeNamingStrategy
2017-09-20 08:01:23.131  INFO 26476 --- [    Test worker] s.d.spring.web.caching.CachingAspect     : Caching aspect applied for cache operations with key /loggers.org.springframework.boot.actuate.endpoint.mvc.EndpointMvcAdapter.invoke.DefaultGenericTypeNamingStrategy
2017-09-20 08:01:23.132  INFO 26476 --- [    Test worker] s.w.ClassOrApiAnnotationResourceGrouping : Group for method invoke was loggers-mvc-endpoint
2017-09-20 08:01:23.133  INFO 26476 --- [    Test worker] s.w.ClassOrApiAnnotationResourceGrouping : Group for method invoke was loggers-mvc-endpoint
[...]
org.springframework.boot.actuate.autoconfigure.EndpointWebMvcAutoConfiguration
org.springframework.boot.actuate.autoconfigure.EndpointWebMvcAutoConfiguration$ApplicationContextFilterConfiguration
org.springframework.boot.actuate.autoconfigure.EndpointWebMvcAutoConfiguration$EndpointWebMvcConfiguration
org.springframework.boot.actuate.autoconfigure.EndpointWebMvcHypermediaManagementContextConfiguration
org.springframework.boot.actuate.autoconfigure.EndpointWebMvcHypermediaManagementContextConfiguration$ActuatorEndpointLinksAdvice
org.springframework.boot.actuate.autoconfigure.EndpointWebMvcHypermediaManagementContextConfiguration$DocsMvcEndpointConfiguration
org.springframework.boot.actuate.autoconfigure.EndpointWebMvcManagementContextConfiguration
org.springframework.boot.actuate.autoconfigure.HealthIndicatorAutoConfiguration
org.springframework.boot.actuate.autoconfigure.HealthIndicatorAutoConfiguration$DiskSpaceHealthIndicatorConfiguration
org.springframework.boot.actuate.autoconfigure.InfoContributorAutoConfiguration
org.springframework.boot.actuate.autoconfigure.ManagementServerPropertiesAutoConfiguration
org.springframework.boot.actuate.autoconfigure.MetricExportAutoConfiguration
org.springframework.boot.actuate.autoconfigure.MetricExportAutoConfiguration$MetricExportPropertiesConfiguration
org.springframework.boot.actuate.autoconfigure.MetricExportAutoConfiguration$StatsdConfiguration
org.springframework.boot.actuate.autoconfigure.MetricFilterAutoConfiguration
org.springframework.boot.actuate.autoconfigure.MetricRepositoryAutoConfiguration
org.springframework.boot.actuate.autoconfigure.MetricRepositoryAutoConfiguration$FastMetricServicesConfiguration
org.springframework.boot.actuate.autoconfigure.PublicMetricsAutoConfiguration
org.springframework.boot.actuate.autoconfigure.PublicMetricsAutoConfiguration$TomcatMetricsConfiguration
org.springframework.boot.actuate.autoconfigure.TraceRepositoryAutoConfiguration
org.springframework.boot.actuate.autoconfigure.TraceWebFilterAutoConfiguration
org.springframework.boot.autoconfigure.AutoConfigurationPackages
org.springframework.boot.autoconfigure.aop.AopAutoConfiguration
org.springframework.boot.autoconfigure.aop.AopAutoConfiguration$JdkDynamicAutoProxyConfiguration
org.springframework.boot.autoconfigure.condition.BeanTypeRegistry
org.springframework.boot.autoconfigure.context.ConfigurationPropertiesAutoConfiguration
org.springframework.boot.autoconfigure.context.PropertyPlaceholderAutoConfiguration
org.springframework.boot.autoconfigure.hateoas.HypermediaAutoConfiguration
org.springframework.boot.autoconfigure.hateoas.HypermediaAutoConfiguration$EntityLinksConfiguration
org.springframework.boot.autoconfigure.hateoas.HypermediaAutoConfiguration$HypermediaConfiguration
org.springframework.boot.autoconfigure.hateoas.HypermediaHttpMessageConverterConfiguration
org.springframework.boot.autoconfigure.info.ProjectInfoAutoConfiguration
org.springframework.boot.autoconfigure.internalCachingMetadataReaderFactory
org.springframework.boot.autoconfigure.jackson.JacksonAutoConfiguration
org.springframework.boot.autoconfigure.jackson.JacksonAutoConfiguration$Jackson2ObjectMapperBuilderCustomizerConfiguration
org.springframework.boot.autoconfigure.jackson.JacksonAutoConfiguration$JacksonObjectMapperBuilderConfiguration
org.springframework.boot.autoconfigure.jackson.JacksonAutoConfiguration$JacksonObjectMapperConfiguration
org.springframework.boot.autoconfigure.validation.ValidationAutoConfiguration
org.springframework.boot.autoconfigure.web.DispatcherServletAutoConfiguration
org.springframework.boot.autoconfigure.web.DispatcherServletAutoConfiguration$DispatcherServletConfiguration
org.springframework.boot.autoconfigure.web.DispatcherServletAutoConfiguration$DispatcherServletRegistrationConfiguration
org.springframework.boot.autoconfigure.web.EmbeddedServletContainerAutoConfiguration
org.springframework.boot.autoconfigure.web.EmbeddedServletContainerAutoConfiguration$EmbeddedTomcat
org.springframework.boot.autoconfigure.web.ErrorMvcAutoConfiguration
org.springframework.boot.autoconfigure.web.ErrorMvcAutoConfiguration$DefaultErrorViewResolverConfiguration
org.springframework.boot.autoconfigure.web.ErrorMvcAutoConfiguration$WhitelabelErrorViewConfiguration
org.springframework.boot.autoconfigure.web.HttpEncodingAutoConfiguration
org.springframework.boot.autoconfigure.web.HttpMessageConvertersAutoConfiguration
org.springframework.boot.autoconfigure.web.HttpMessageConvertersAutoConfiguration$StringHttpMessageConverterConfiguration
org.springframework.boot.autoconfigure.web.JacksonHttpMessageConvertersConfiguration
org.springframework.boot.autoconfigure.web.JacksonHttpMessageConvertersConfiguration$MappingJackson2HttpMessageConverterConfiguration
org.springframework.boot.autoconfigure.web.MultipartAutoConfiguration
org.springframework.boot.autoconfigure.web.ServerPropertiesAutoConfiguration
org.springframework.boot.autoconfigure.web.WebClientAutoConfiguration
org.springframework.boot.autoconfigure.web.WebClientAutoConfiguration$RestTemplateConfiguration
org.springframework.boot.autoconfigure.web.WebMvcAutoConfiguration
org.springframework.boot.autoconfigure.web.WebMvcAutoConfiguration$EnableWebMvcConfiguration
org.springframework.boot.autoconfigure.web.WebMvcAutoConfiguration$WebMvcAutoConfigurationAdapter
org.springframework.boot.autoconfigure.web.WebMvcAutoConfiguration$WebMvcAutoConfigurationAdapter$FaviconConfiguration
org.springframework.boot.autoconfigure.websocket.WebSocketAutoConfiguration
org.springframework.boot.autoconfigure.websocket.WebSocketAutoConfiguration$TomcatWebSocketConfiguration
org.springframework.boot.context.properties.ConfigurationPropertiesBindingPostProcessor
org.springframework.boot.context.properties.ConfigurationPropertiesBindingPostProcessor.store
org.springframework.boot.test.autoconfigure.web.servlet.MockMvcAutoConfiguration
org.springframework.boot.test.autoconfigure.web.servlet.MockMvcSecurityAutoConfiguration
org.springframework.boot.test.context.ImportsContextCustomizer$ImportsCleanupPostProcessor
org.springframework.boot.test.mock.mockito.MockitoPostProcessor
org.springframework.boot.test.mock.mockito.MockitoPostProcessor$SpyPostProcessor
org.springframework.context.annotation.internalAutowiredAnnotationProcessor
org.springframework.context.annotation.internalCommonAnnotationProcessor
org.springframework.context.annotation.internalConfigurationAnnotationProcessor
org.springframework.context.annotation.internalRequiredAnnotationProcessor
org.springframework.context.annotation.internalScheduledAnnotationProcessor
org.springframework.context.event.internalEventListenerFactory
org.springframework.context.event.internalEventListenerProcessor
org.springframework.hateoas.LinkDiscoverers#0
org.springframework.hateoas.config.HateoasConfiguration
org.springframework.hateoas.config.HypermediaSupportBeanDefinitionRegistrar$DefaultObjectMapperCustomizer#0
org.springframework.hateoas.config.HypermediaSupportBeanDefinitionRegistrar$Jackson2ModuleRegisteringBeanPostProcessor#0
org.springframework.hateoas.hal.HalLinkDiscoverer#0
org.springframework.scheduling.annotation.SchedulingConfiguration
parameterBuilderPluginRegistry
parameterDataTypeReader
parameterDefaultReader
parameterMapperImpl
parameterMultiplesReader
parameterNameReader
parameterRequiredReader
parameterTypeReader
pathDecoratorRegistry
pathMappingDecorator
pathSanitizer
preserveErrorControllerTargetClassPostProcessor
queryStringUriTemplateDecorator
relProviderPluginRegistry
requestContextFilter
requestMappingEndpoint
requestMappingHandlerAdapter
requestMappingHandlerMapping
resourceGroupCache
resourceGroupingStrategyRegistry
resourceHandlerMapping
responseMessagesReader
restTemplateBuilder
schemaPluginsManager
securityMapperImpl
serverProperties
serviceModelToSwagger2MapperImpl
shutdownEndpoint
simpleControllerHandlerAdapter
spring.hateoas-org.springframework.boot.autoconfigure.hateoas.HateoasProperties
spring.http.encoding-org.springframework.boot.autoconfigure.web.HttpEncodingProperties
spring.http.multipart-org.springframework.boot.autoconfigure.web.MultipartProperties
spring.info-org.springframework.boot.autoconfigure.info.ProjectInfoProperties
spring.jackson-org.springframework.boot.autoconfigure.jackson.JacksonProperties
spring.metrics.export-org.springframework.boot.actuate.metrics.export.MetricExportProperties
spring.mvc-org.springframework.boot.autoconfigure.web.WebMvcProperties
spring.resources-org.springframework.boot.autoconfigure.web.ResourceProperties
springBootMockMvcBuilderCustomizer
springfox.documentation.schema.configuration.ModelsConfiguration
springfox.documentation.spring.web.SpringfoxWebMvcConfiguration
springfox.documentation.swagger.configuration.SwaggerCommonConfiguration
springfox.documentation.swagger2.configuration.Swagger2DocumentationConfiguration
standardJacksonObjectMapperBuilderCustomizer
stringHttpMessageConverter
swagger2Controller
swagger2Module
swagger2ParameterNameReader
swaggerExpandedParameterBuilder
swaggerMediaTypeReader
swaggerOperationModelsProvider
swaggerOperationResponseClassReader
swaggerOperationTagsReader
swaggerParameterAccessReader
swaggerParameterAllowableReader
swaggerParameterDefaultReader
swaggerParameterDescriptionReader
swaggerParameterMultiplesReader
swaggerParameterRequiredReader
swaggerProperties
swaggerResponseMessageReader
systemPublicMetrics
tomcatEmbeddedServletContainerFactory
tomcatPublicMetrics
traceEndpoint
traceRepository
typeNameExtractor
typeNameProviderPluginRegistry
typeResolver
vendorExtensionsMapperImpl
vendorExtensionsReader
viewControllerHandlerMapping
viewResolver
webMvcRequestHandlerProvider
webRequestLoggingFilter
websocketContainerCustomizer
welcomePageHandlerMapping
2017-09-20 08:01:23.258  INFO 26476 --- [    Test worker] knockknock.KnockKnockControllerTest      : Started KnockKnockControllerTest in 11.129 seconds (JVM running for 44.768)
2017-09-20 08:01:23.404  WARN 26476 --- [    Test worker] o.s.b.t.m.w.SpringBootMockServletContext : Couldn't determine real path of resource class path resource [META-INF/resources/]

java.io.FileNotFoundException: class path resource [META-INF/resources/] cannot be resolved to absolute file path because it does not reside in the file system: jar:file:/C:/Users/luri/.gradle/caches/modules-2/files-2.1/io.springfox/springfox-swagger-ui/2.2.2/1aefba01c0180325a56e450a26e2c72514f5b3/springfox-swagger-ui-2.2.2.jar!/META-INF/resources/
	at org.springframework.util.ResourceUtils.getFile(ResourceUtils.java:215) ~[spring-core-4.3.11.RELEASE.jar:4.3.11.RELEASE]
	at org.springframework.core.io.AbstractFileResolvingResource.getFile(AbstractFileResolvingResource.java:53) ~[spring-core-4.3.11.RELEASE.jar:4.3.11.RELEASE]
	at org.springframework.mock.web.MockServletContext.getRealPath(MockServletContext.java:458) ~[spring-test-4.3.11.RELEASE.jar:4.3.11.RELEASE]
	at org.springframework.mock.web.MockHttpServletRequest.getRealPath(MockHttpServletRequest.java:779) [spring-test-4.3.11.RELEASE.jar:4.3.11.RELEASE]
	at org.springframework.mock.web.MockHttpServletRequest.getPathTranslated(MockHttpServletRequest.java:1037) [spring-test-4.3.11.RELEASE.jar:4.3.11.RELEASE]
	at org.springframework.boot.actuate.trace.WebRequestTraceFilter.getTrace(WebRequestTraceFilter.java:136) [spring-boot-actuator-1.5.7.RELEASE.jar:1.5.7.RELEASE]
	at org.springframework.boot.actuate.trace.WebRequestTraceFilter.doFilterInternal(WebRequestTraceFilter.java:106) [spring-boot-actuator-1.5.7.RELEASE.jar:1.5.7.RELEASE]
	at org.springframework.web.filter.OncePerRequestFilter.doFilter(OncePerRequestFilter.java:107) [spring-web-4.3.11.RELEASE.jar:4.3.11.RELEASE]
	at org.springframework.mock.web.MockFilterChain.doFilter(MockFilterChain.java:134) [spring-test-4.3.11.RELEASE.jar:4.3.11.RELEASE]
	at org.springframework.web.filter.RequestContextFilter.doFilterInternal(RequestContextFilter.java:99) [spring-web-4.3.11.RELEASE.jar:4.3.11.RELEASE]
	at org.springframework.web.filter.OncePerRequestFilter.doFilter(OncePerRequestFilter.java:107) [spring-web-4.3.11.RELEASE.jar:4.3.11.RELEASE]
	at org.springframework.mock.web.MockFilterChain.doFilter(MockFilterChain.java:134) [spring-test-4.3.11.RELEASE.jar:4.3.11.RELEASE]
	at org.springframework.web.filter.HttpPutFormContentFilter.doFilterInternal(HttpPutFormContentFilter.java:108) [spring-web-4.3.11.RELEASE.jar:4.3.11.RELEASE]
	at org.springframework.web.filter.OncePerRequestFilter.doFilter(OncePerRequestFilter.java:107) [spring-web-4.3.11.RELEASE.jar:4.3.11.RELEASE]
	at org.springframework.mock.web.MockFilterChain.doFilter(MockFilterChain.java:134) [spring-test-4.3.11.RELEASE.jar:4.3.11.RELEASE]
	at org.springframework.web.filter.HiddenHttpMethodFilter.doFilterInternal(HiddenHttpMethodFilter.java:81) [spring-web-4.3.11.RELEASE.jar:4.3.11.RELEASE]
	at org.springframework.web.filter.OncePerRequestFilter.doFilter(OncePerRequestFilter.java:107) [spring-web-4.3.11.RELEASE.jar:4.3.11.RELEASE]
	at org.springframework.mock.web.MockFilterChain.doFilter(MockFilterChain.java:134) [spring-test-4.3.11.RELEASE.jar:4.3.11.RELEASE]
	at org.springframework.web.filter.CharacterEncodingFilter.doFilterInternal(CharacterEncodingFilter.java:197) [spring-web-4.3.11.RELEASE.jar:4.3.11.RELEASE]
	at org.springframework.web.filter.OncePerRequestFilter.doFilter(OncePerRequestFilter.java:107) [spring-web-4.3.11.RELEASE.jar:4.3.11.RELEASE]
	at org.springframework.mock.web.MockFilterChain.doFilter(MockFilterChain.java:134) [spring-test-4.3.11.RELEASE.jar:4.3.11.RELEASE]
	at org.springframework.boot.actuate.autoconfigure.MetricsFilter.doFilterInternal(MetricsFilter.java:106) [spring-boot-actuator-1.5.7.RELEASE.jar:1.5.7.RELEASE]
	at org.springframework.web.filter.OncePerRequestFilter.doFilter(OncePerRequestFilter.java:107) [spring-web-4.3.11.RELEASE.jar:4.3.11.RELEASE]
	at org.springframework.mock.web.MockFilterChain.doFilter(MockFilterChain.java:134) [spring-test-4.3.11.RELEASE.jar:4.3.11.RELEASE]
	at org.springframework.test.web.servlet.MockMvc.perform(MockMvc.java:155) [spring-test-4.3.11.RELEASE.jar:4.3.11.RELEASE]
	at knockknock.KnockKnockControllerTest.getHello(KnockKnockControllerTest.java:27) [test/:na]
	at sun.reflect.NativeMethodAccessorImpl.invoke0(Native Method) ~[na:1.8.0_91]
	at sun.reflect.NativeMethodAccessorImpl.invoke(NativeMethodAccessorImpl.java:62) ~[na:1.8.0_91]
	at sun.reflect.DelegatingMethodAccessorImpl.invoke(DelegatingMethodAccessorImpl.java:43) ~[na:1.8.0_91]
	at java.lang.reflect.Method.invoke(Method.java:498) ~[na:1.8.0_91]
	at org.junit.runners.model.FrameworkMethod$1.runReflectiveCall(FrameworkMethod.java:50) [junit-4.12.jar:4.12]
	at org.junit.internal.runners.model.ReflectiveCallable.run(ReflectiveCallable.java:12) [junit-4.12.jar:4.12]
	at org.junit.runners.model.FrameworkMethod.invokeExplosively(FrameworkMethod.java:47) [junit-4.12.jar:4.12]
	at org.junit.internal.runners.statements.InvokeMethod.evaluate(InvokeMethod.java:17) [junit-4.12.jar:4.12]
	at org.springframework.test.context.junit4.statements.RunBeforeTestMethodCallbacks.evaluate(RunBeforeTestMethodCallbacks.java:75) [spring-test-4.3.11.RELEASE.jar:4.3.11.RELEASE]
	at org.springframework.test.context.junit4.statements.RunAfterTestMethodCallbacks.evaluate(RunAfterTestMethodCallbacks.java:86) [spring-test-4.3.11.RELEASE.jar:4.3.11.RELEASE]
	at org.springframework.test.context.junit4.statements.SpringRepeat.evaluate(SpringRepeat.java:84) [spring-test-4.3.11.RELEASE.jar:4.3.11.RELEASE]
	at org.junit.runners.ParentRunner.runLeaf(ParentRunner.java:325) [junit-4.12.jar:4.12]
	at org.springframework.test.context.junit4.SpringJUnit4ClassRunner.runChild(SpringJUnit4ClassRunner.java:252) [spring-test-4.3.11.RELEASE.jar:4.3.11.RELEASE]
	at org.springframework.test.context.junit4.SpringJUnit4ClassRunner.runChild(SpringJUnit4ClassRunner.java:94) [spring-test-4.3.11.RELEASE.jar:4.3.11.RELEASE]
	at org.junit.runners.ParentRunner$3.run(ParentRunner.java:290) [junit-4.12.jar:4.12]
	at org.junit.runners.ParentRunner$1.schedule(ParentRunner.java:71) [junit-4.12.jar:4.12]
	at org.junit.runners.ParentRunner.runChildren(ParentRunner.java:288) [junit-4.12.jar:4.12]
	at org.junit.runners.ParentRunner.access$000(ParentRunner.java:58) [junit-4.12.jar:4.12]
	at org.junit.runners.ParentRunner$2.evaluate(ParentRunner.java:268) [junit-4.12.jar:4.12]
	at org.springframework.test.context.junit4.statements.RunBeforeTestClassCallbacks.evaluate(RunBeforeTestClassCallbacks.java:61) [spring-test-4.3.11.RELEASE.jar:4.3.11.RELEASE]
	at org.springframework.test.context.junit4.statements.RunAfterTestClassCallbacks.evaluate(RunAfterTestClassCallbacks.java:70) [spring-test-4.3.11.RELEASE.jar:4.3.11.RELEASE]
	at org.junit.runners.ParentRunner.run(ParentRunner.java:363) [junit-4.12.jar:4.12]
	at org.springframework.test.context.junit4.SpringJUnit4ClassRunner.run(SpringJUnit4ClassRunner.java:191) [spring-test-4.3.11.RELEASE.jar:4.3.11.RELEASE]
	at org.gradle.api.internal.tasks.testing.junit.JUnitTestClassExecuter.runTestClass(JUnitTestClassExecuter.java:114) [gradle-testing-jvm-3.2.1.jar:3.2.1]
	at org.gradle.api.internal.tasks.testing.junit.JUnitTestClassExecuter.execute(JUnitTestClassExecuter.java:57) [gradle-testing-jvm-3.2.1.jar:3.2.1]
	at org.gradle.api.internal.tasks.testing.junit.JUnitTestClassProcessor.processTestClass(JUnitTestClassProcessor.java:66) [gradle-testing-jvm-3.2.1.jar:3.2.1]
	at org.gradle.api.internal.tasks.testing.SuiteTestClassProcessor.processTestClass(SuiteTestClassProcessor.java:51) [gradle-testing-base-3.2.1.jar:3.2.1]
	at sun.reflect.NativeMethodAccessorImpl.invoke0(Native Method) ~[na:1.8.0_91]
	at sun.reflect.NativeMethodAccessorImpl.invoke(NativeMethodAccessorImpl.java:62) ~[na:1.8.0_91]
	at sun.reflect.DelegatingMethodAccessorImpl.invoke(DelegatingMethodAccessorImpl.java:43) ~[na:1.8.0_91]
	at java.lang.reflect.Method.invoke(Method.java:498) ~[na:1.8.0_91]
	at org.gradle.internal.dispatch.ReflectionDispatch.dispatch(ReflectionDispatch.java:35) [gradle-messaging-3.2.1.jar:3.2.1]
	at org.gradle.internal.dispatch.ReflectionDispatch.dispatch(ReflectionDispatch.java:24) [gradle-messaging-3.2.1.jar:3.2.1]
	at org.gradle.internal.dispatch.ContextClassLoaderDispatch.dispatch(ContextClassLoaderDispatch.java:32) [gradle-messaging-3.2.1.jar:3.2.1]
	at org.gradle.internal.dispatch.ProxyDispatchAdapter$DispatchingInvocationHandler.invoke(ProxyDispatchAdapter.java:93) [gradle-messaging-3.2.1.jar:3.2.1]
	at com.sun.proxy.$Proxy2.processTestClass(Unknown Source) [na:na]
	at org.gradle.api.internal.tasks.testing.worker.TestWorker.processTestClass(TestWorker.java:109) [gradle-testing-base-3.2.1.jar:3.2.1]
	at sun.reflect.NativeMethodAccessorImpl.invoke0(Native Method) ~[na:1.8.0_91]
	at sun.reflect.NativeMethodAccessorImpl.invoke(NativeMethodAccessorImpl.java:62) ~[na:1.8.0_91]
	at sun.reflect.DelegatingMethodAccessorImpl.invoke(DelegatingMethodAccessorImpl.java:43) ~[na:1.8.0_91]
	at java.lang.reflect.Method.invoke(Method.java:498) ~[na:1.8.0_91]
	at org.gradle.internal.dispatch.ReflectionDispatch.dispatch(ReflectionDispatch.java:35) [gradle-messaging-3.2.1.jar:3.2.1]
	at org.gradle.internal.dispatch.ReflectionDispatch.dispatch(ReflectionDispatch.java:24) [gradle-messaging-3.2.1.jar:3.2.1]
	at org.gradle.internal.remote.internal.hub.MessageHub$Handler.run(MessageHub.java:377) [gradle-messaging-3.2.1.jar:3.2.1]
	at org.gradle.internal.concurrent.ExecutorPolicy$CatchAndRecordFailures.onExecute(ExecutorPolicy.java:54) [gradle-base-services-3.2.1.jar:3.2.1]
	at org.gradle.internal.concurrent.StoppableExecutorImpl$1.run(StoppableExecutorImpl.java:40) [gradle-base-services-3.2.1.jar:3.2.1]
	at java.util.concurrent.ThreadPoolExecutor.runWorker(ThreadPoolExecutor.java:1142) [na:1.8.0_91]
	at java.util.concurrent.ThreadPoolExecutor$Worker.run(ThreadPoolExecutor.java:617) [na:1.8.0_91]
	at java.lang.Thread.run(Thread.java:745) [na:1.8.0_91]

]]></system-out>
  <system-err><![CDATA[]]></system-err>
</testsuite>
